# JRE version: OpenJDK Runtime Environment (8.0_212-b04) (build 1.8.0_212-release-1586-b04)
# Java VM: OpenJDK 64-Bit Server VM (25.212-b04 mixed mode windows-amd64 compressed oops)
Heap:
 PSYoungGen      total 140800K, used 47183K [0x00000000e0000000, 0x00000000eb680000, 0x0000000100000000)
  eden space 131072K, 28% used [0x00000000e0000000,0x00000000e2499860,0x00000000e8000000)
  from space 9728K, 99% used [0x00000000e8000000,0x00000000e897a600,0x00000000e8980000)
  to   space 17408K, 0% used [0x00000000ea580000,0x00000000ea580000,0x00000000eb680000)
 ParOldGen       total 58880K, used 24288K [0x00000000a0000000, 0x00000000a3980000, 0x00000000e0000000)
  object space 58880K, 41% used [0x00000000a0000000,0x00000000a17b8398,0x00000000a3980000)
 Metaspace       used 48677K, capacity 50076K, committed 50176K, reserved 1093632K
  class space    used 6514K, capacity 6859K, committed 6912K, reserved 1048576K
GC Heap History (10 events):
Event: 46.769 GC heap before
{Heap before GC invocations=7 (full 1):
 PSYoungGen      total 140800K, used 6465K [0x00000000e0000000, 0x00000000e9300000, 0x0000000100000000)
  eden space 131072K, 0% used [0x00000000e0000000,0x00000000e0000000,0x00000000e8000000)
  from space 9728K, 66% used [0x00000000e8980000,0x00000000e8fd05f8,0x00000000e9300000)
  to   space 9728K, 0% used [0x00000000e8000000,0x00000000e8000000,0x00000000e8980000)
 ParOldGen       total 44032K, used 12794K [0x00000000a0000000, 0x00000000a2b00000, 0x00000000e0000000)
  object space 44032K, 29% used [0x00000000a0000000,0x00000000a0c7ea98,0x00000000a2b00000)
 Metaspace       used 20632K, capacity 21166K, committed 21296K, reserved 1067008K
  class space    used 2966K, capacity 3133K, committed 3200K, reserved 1048576K
Event: 47.023 GC heap after
Heap after GC invocations=7 (full 1):
 PSYoungGen      total 140800K, used 0K [0x00000000e0000000, 0x00000000e9300000, 0x0000000100000000)
  eden space 131072K, 0% used [0x00000000e0000000,0x00000000e0000000,0x00000000e8000000)
  from space 9728K, 0% used [0x00000000e8980000,0x00000000e8980000,0x00000000e9300000)
  to   space 9728K, 0% used [0x00000000e8000000,0x00000000e8000000,0x00000000e8980000)
 ParOldGen       total 37888K, used 9783K [0x00000000a0000000, 0x00000000a2500000, 0x00000000e0000000)
  object space 37888K, 25% used [0x00000000a0000000,0x00000000a098dfe0,0x00000000a2500000)
 Metaspace       used 20632K, capacity 21166K, committed 21296K, reserved 1067008K
  class space    used 2966K, capacity 3133K, committed 3200K, reserved 1048576K
}
Event: 51.483 GC heap before
{Heap before GC invocations=8 (full 1):
 PSYoungGen      total 140800K, used 131072K [0x00000000e0000000, 0x00000000e9300000, 0x0000000100000000)
  eden space 131072K, 100% used [0x00000000e0000000,0x00000000e8000000,0x00000000e8000000)
  from space 9728K, 0% used [0x00000000e8980000,0x00000000e8980000,0x00000000e9300000)
  to   space 9728K, 0% used [0x00000000e8000000,0x00000000e8000000,0x00000000e8980000)
 ParOldGen       total 37888K, used 9783K [0x00000000a0000000, 0x00000000a2500000, 0x00000000e0000000)
  object space 37888K, 25% used [0x00000000a0000000,0x00000000a098dfe0,0x00000000a2500000)
 Metaspace       used 32259K, capacity 32904K, committed 33152K, reserved 1077248K
  class space    used 4417K, capacity 4627K, committed 4736K, reserved 1048576K
Event: 51.555 GC heap after
Heap after GC invocations=8 (full 1):
 PSYoungGen      total 140800K, used 9706K [0x00000000e0000000, 0x00000000e9300000, 0x0000000100000000)
  eden space 131072K, 0% used [0x00000000e0000000,0x00000000e0000000,0x00000000e8000000)
  from space 9728K, 99% used [0x00000000e8000000,0x00000000e897a958,0x00000000e8980000)
  to   space 9728K, 0% used [0x00000000e8980000,0x00000000e8980000,0x00000000e9300000)
 ParOldGen       total 37888K, used 13302K [0x00000000a0000000, 0x00000000a2500000, 0x00000000e0000000)
  object space 37888K, 35% used [0x00000000a0000000,0x00000000a0cfda40,0x00000000a2500000)
 Metaspace       used 32259K, capacity 32904K, committed 33152K, reserved 1077248K
  class space    used 4417K, capacity 4627K, committed 4736K, reserved 1048576K
}
Event: 52.890 GC heap before
{Heap before GC invocations=9 (full 1):
 PSYoungGen      total 140800K, used 60514K [0x00000000e0000000, 0x00000000e9300000, 0x0000000100000000)
  eden space 131072K, 38% used [0x00000000e0000000,0x00000000e319dfb0,0x00000000e8000000)
  from space 9728K, 99% used [0x00000000e8000000,0x00000000e897a958,0x00000000e8980000)
  to   space 9728K, 0% used [0x00000000e8980000,0x00000000e8980000,0x00000000e9300000)
 ParOldGen       total 37888K, used 13302K [0x00000000a0000000, 0x00000000a2500000, 0x00000000e0000000)
  object space 37888K, 35% used [0x00000000a0000000,0x00000000a0cfda40,0x00000000a2500000)
 Metaspace       used 34584K, capacity 35388K, committed 35456K, reserved 1079296K
  class space    used 4739K, capacity 4963K, committed 4992K, reserved 1048576K
Event: 52.909 GC heap after
Heap after GC invocations=9 (full 1):
 PSYoungGen      total 140800K, used 9461K [0x00000000e0000000, 0x00000000e9300000, 0x0000000100000000)
  eden space 131072K, 0% used [0x00000000e0000000,0x00000000e0000000,0x00000000e8000000)
  from space 9728K, 97% used [0x00000000e8980000,0x00000000e92bd578,0x00000000e9300000)
  to   space 9728K, 0% used [0x00000000e8000000,0x00000000e8000000,0x00000000e8980000)
 ParOldGen       total 37888K, used 13310K [0x00000000a0000000, 0x00000000a2500000, 0x00000000e0000000)
  object space 37888K, 35% used [0x00000000a0000000,0x00000000a0cffa40,0x00000000a2500000)
 Metaspace       used 34584K, capacity 35388K, committed 35456K, reserved 1079296K
  class space    used 4739K, capacity 4963K, committed 4992K, reserved 1048576K
}
Event: 52.909 GC heap before
{Heap before GC invocations=10 (full 2):
 PSYoungGen      total 140800K, used 9461K [0x00000000e0000000, 0x00000000e9300000, 0x0000000100000000)
  eden space 131072K, 0% used [0x00000000e0000000,0x00000000e0000000,0x00000000e8000000)
  from space 9728K, 97% used [0x00000000e8980000,0x00000000e92bd578,0x00000000e9300000)
  to   space 9728K, 0% used [0x00000000e8000000,0x00000000e8000000,0x00000000e8980000)
 ParOldGen       total 37888K, used 13310K [0x00000000a0000000, 0x00000000a2500000, 0x00000000e0000000)
  object space 37888K, 35% used [0x00000000a0000000,0x00000000a0cffa40,0x00000000a2500000)
 Metaspace       used 34584K, capacity 35388K, committed 35456K, reserved 1079296K
  class space    used 4739K, capacity 4963K, committed 4992K, reserved 1048576K
Event: 53.290 GC heap after
Heap after GC invocations=10 (full 2):
 PSYoungGen      total 140800K, used 0K [0x00000000e0000000, 0x00000000e9300000, 0x0000000100000000)
  eden space 131072K, 0% used [0x00000000e0000000,0x00000000e0000000,0x00000000e8000000)
  from space 9728K, 0% used [0x00000000e8980000,0x00000000e8980000,0x00000000e9300000)
  to   space 9728K, 0% used [0x00000000e8000000,0x00000000e8000000,0x00000000e8980000)
 ParOldGen       total 58880K, used 16340K [0x00000000a0000000, 0x00000000a3980000, 0x00000000e0000000)
  object space 58880K, 27% used [0x00000000a0000000,0x00000000a0ff52c0,0x00000000a3980000)
 Metaspace       used 34566K, capacity 35328K, committed 35456K, reserved 1079296K
  class space    used 4734K, capacity 4953K, committed 4992K, reserved 1048576K
}
Event: 60.656 GC heap before
{Heap before GC invocations=11 (full 2):
 PSYoungGen      total 140800K, used 131072K [0x00000000e0000000, 0x00000000e9300000, 0x0000000100000000)
  eden space 131072K, 100% used [0x00000000e0000000,0x00000000e8000000,0x00000000e8000000)
  from space 9728K, 0% used [0x00000000e8980000,0x00000000e8980000,0x00000000e9300000)
  to   space 9728K, 0% used [0x00000000e8000000,0x00000000e8000000,0x00000000e8980000)
 ParOldGen       total 58880K, used 16340K [0x00000000a0000000, 0x00000000a3980000, 0x00000000e0000000)
  object space 58880K, 27% used [0x00000000a0000000,0x00000000a0ff52c0,0x00000000a3980000)
 Metaspace       used 47663K, capacity 48812K, committed 48896K, reserved 1091584K
  class space    used 6343K, capacity 6634K, committed 6656K, reserved 1048576K
Event: 60.692 GC heap after
Heap after GC invocations=11 (full 2):
 PSYoungGen      total 140800K, used 9705K [0x00000000e0000000, 0x00000000eb680000, 0x0000000100000000)
  eden space 131072K, 0% used [0x00000000e0000000,0x00000000e0000000,0x00000000e8000000)
  from space 9728K, 99% used [0x00000000e8000000,0x00000000e897a600,0x00000000e8980000)
  to   space 17408K, 0% used [0x00000000ea580000,0x00000000ea580000,0x00000000eb680000)
 ParOldGen       total 58880K, used 24288K [0x00000000a0000000, 0x00000000a3980000, 0x00000000e0000000)
  object space 58880K, 41% used [0x00000000a0000000,0x00000000a17b8398,0x00000000a3980000)
 Metaspace       used 47663K, capacity 48812K, committed 48896K, reserved 1091584K
  class space    used 6343K, capacity 6634K, committed 6656K, reserved 1048576K
}

