# JRE version: OpenJDK Runtime Environment (8.0_212-b04) (build 1.8.0_212-release-1586-b04)
# Java VM: OpenJDK 64-Bit Server VM (25.212-b04 mixed mode windows-amd64 compressed oops)
Heap:
 PSYoungGen      total 289792K, used 177534K [0x00000000e0000000, 0x00000000f3300000, 0x0000000100000000)
  eden space 267264K, 63% used [0x00000000e0000000,0x00000000ea5c7010,0x00000000f0500000)
  from space 22528K, 34% used [0x00000000f1d00000,0x00000000f2498918,0x00000000f3300000)
  to   space 23552K, 0% used [0x00000000f0500000,0x00000000f0500000,0x00000000f1c00000)
 ParOldGen       total 123392K, used 55626K [0x00000000a0000000, 0x00000000a7880000, 0x00000000e0000000)
  object space 123392K, 45% used [0x00000000a0000000,0x00000000a3652b60,0x00000000a7880000)
 Metaspace       used 83551K, capacity 86050K, committed 88344K, reserved 1126400K
  class space    used 10757K, capacity 11344K, committed 11816K, reserved 1048576K
GC Heap History (10 events):
Event: 1548.872 GC heap before
{Heap before GC invocations=28 (full 3):
 PSYoungGen      total 203776K, used 196026K [0x00000000e0000000, 0x00000000ee100000, 0x0000000100000000)
  eden space 188416K, 100% used [0x00000000e0000000,0x00000000eb800000,0x00000000eb800000)
  from space 15360K, 49% used [0x00000000ed200000,0x00000000ed96e818,0x00000000ee100000)
  to   space 20992K, 0% used [0x00000000eb800000,0x00000000eb800000,0x00000000ecc80000)
 ParOldGen       total 92672K, used 69745K [0x00000000a0000000, 0x00000000a5a80000, 0x00000000e0000000)
  object space 92672K, 75% used [0x00000000a0000000,0x00000000a441c760,0x00000000a5a80000)
 Metaspace       used 81593K, capacity 84928K, committed 85144K, reserved 1122304K
  class space    used 10625K, capacity 11343K, committed 11432K, reserved 1048576K
Event: 1549.060 GC heap after
Heap after GC invocations=28 (full 3):
 PSYoungGen      total 209408K, used 18621K [0x00000000e0000000, 0x00000000eff80000, 0x0000000100000000)
  eden space 188416K, 0% used [0x00000000e0000000,0x00000000e0000000,0x00000000eb800000)
  from space 20992K, 88% used [0x00000000eb800000,0x00000000eca2f7b8,0x00000000ecc80000)
  to   space 23552K, 0% used [0x00000000ee880000,0x00000000ee880000,0x00000000eff80000)
 ParOldGen       total 92672K, used 69753K [0x00000000a0000000, 0x00000000a5a80000, 0x00000000e0000000)
  object space 92672K, 75% used [0x00000000a0000000,0x00000000a441e760,0x00000000a5a80000)
 Metaspace       used 81593K, capacity 84928K, committed 85144K, reserved 1122304K
  class space    used 10625K, capacity 11343K, committed 11432K, reserved 1048576K
}
Event: 1549.565 GC heap before
{Heap before GC invocations=29 (full 3):
 PSYoungGen      total 209408K, used 207037K [0x00000000e0000000, 0x00000000eff80000, 0x0000000100000000)
  eden space 188416K, 100% used [0x00000000e0000000,0x00000000eb800000,0x00000000eb800000)
  from space 20992K, 88% used [0x00000000eb800000,0x00000000eca2f7b8,0x00000000ecc80000)
  to   space 23552K, 0% used [0x00000000ee880000,0x00000000ee880000,0x00000000eff80000)
 ParOldGen       total 92672K, used 69757K [0x00000000a0000000, 0x00000000a5a80000, 0x00000000e0000000)
  object space 92672K, 75% used [0x00000000a0000000,0x00000000a441f5b0,0x00000000a5a80000)
 Metaspace       used 81645K, capacity 85072K, committed 85400K, reserved 1124352K
  class space    used 10630K, capacity 11347K, committed 11432K, reserved 1048576K
Event: 1549.617 GC heap after
Heap after GC invocations=29 (full 3):
 PSYoungGen      total 237056K, used 17654K [0x00000000e0000000, 0x00000000f0880000, 0x0000000100000000)
  eden space 213504K, 0% used [0x00000000e0000000,0x00000000e0000000,0x00000000ed080000)
  from space 23552K, 74% used [0x00000000ee880000,0x00000000ef9bd910,0x00000000eff80000)
  to   space 24576K, 0% used [0x00000000ed080000,0x00000000ed080000,0x00000000ee880000)
 ParOldGen       total 92672K, used 69757K [0x00000000a0000000, 0x00000000a5a80000, 0x00000000e0000000)
  object space 92672K, 75% used [0x00000000a0000000,0x00000000a441f5b0,0x00000000a5a80000)
 Metaspace       used 81645K, capacity 85072K, committed 85400K, reserved 1124352K
  class space    used 10630K, capacity 11347K, committed 11432K, reserved 1048576K
}
Event: 1549.703 GC heap before
{Heap before GC invocations=30 (full 3):
 PSYoungGen      total 237056K, used 19453K [0x00000000e0000000, 0x00000000f0880000, 0x0000000100000000)
  eden space 213504K, 0% used [0x00000000e0000000,0x00000000e01c1ee0,0x00000000ed080000)
  from space 23552K, 74% used [0x00000000ee880000,0x00000000ef9bd910,0x00000000eff80000)
  to   space 24576K, 0% used [0x00000000ed080000,0x00000000ed080000,0x00000000ee880000)
 ParOldGen       total 92672K, used 69757K [0x00000000a0000000, 0x00000000a5a80000, 0x00000000e0000000)
  object space 92672K, 75% used [0x00000000a0000000,0x00000000a441f5b0,0x00000000a5a80000)
 Metaspace       used 81645K, capacity 85072K, committed 85400K, reserved 1124352K
  class space    used 10630K, capacity 11347K, committed 11432K, reserved 1048576K
Event: 1549.775 GC heap after
Heap after GC invocations=30 (full 3):
 PSYoungGen      total 238080K, used 4083K [0x00000000e0000000, 0x00000000f3500000, 0x0000000100000000)
  eden space 213504K, 0% used [0x00000000e0000000,0x00000000e0000000,0x00000000ed080000)
  from space 24576K, 16% used [0x00000000ed080000,0x00000000ed47cf20,0x00000000ee880000)
  to   space 24576K, 0% used [0x00000000f1d00000,0x00000000f1d00000,0x00000000f3500000)
 ParOldGen       total 92672K, used 83499K [0x00000000a0000000, 0x00000000a5a80000, 0x00000000e0000000)
  object space 92672K, 90% used [0x00000000a0000000,0x00000000a518ac38,0x00000000a5a80000)
 Metaspace       used 81645K, capacity 85072K, committed 85400K, reserved 1124352K
  class space    used 10630K, capacity 11347K, committed 11432K, reserved 1048576K
}
Event: 1549.815 GC heap before
{Heap before GC invocations=31 (full 4):
 PSYoungGen      total 238080K, used 4083K [0x00000000e0000000, 0x00000000f3500000, 0x0000000100000000)
  eden space 213504K, 0% used [0x00000000e0000000,0x00000000e0000000,0x00000000ed080000)
  from space 24576K, 16% used [0x00000000ed080000,0x00000000ed47cf20,0x00000000ee880000)
  to   space 24576K, 0% used [0x00000000f1d00000,0x00000000f1d00000,0x00000000f3500000)
 ParOldGen       total 92672K, used 83499K [0x00000000a0000000, 0x00000000a5a80000, 0x00000000e0000000)
  object space 92672K, 90% used [0x00000000a0000000,0x00000000a518ac38,0x00000000a5a80000)
 Metaspace       used 81645K, capacity 85072K, committed 85400K, reserved 1124352K
  class space    used 10630K, capacity 11347K, committed 11432K, reserved 1048576K
Event: 1552.558 GC heap after
Heap after GC invocations=31 (full 4):
 PSYoungGen      total 238080K, used 0K [0x00000000e0000000, 0x00000000f3500000, 0x0000000100000000)
  eden space 213504K, 0% used [0x00000000e0000000,0x00000000e0000000,0x00000000ed080000)
  from space 24576K, 0% used [0x00000000ed080000,0x00000000ed080000,0x00000000ee880000)
  to   space 24576K, 0% used [0x00000000f1d00000,0x00000000f1d00000,0x00000000f3500000)
 ParOldGen       total 123392K, used 55618K [0x00000000a0000000, 0x00000000a7880000, 0x00000000e0000000)
  object space 123392K, 45% used [0x00000000a0000000,0x00000000a3650b60,0x00000000a7880000)
 Metaspace       used 80372K, capacity 82784K, committed 85400K, reserved 1124352K
  class space    used 10372K, capacity 10891K, committed 11432K, reserved 1048576K
}
Event: 1557.082 GC heap before
{Heap before GC invocations=32 (full 4):
 PSYoungGen      total 238080K, used 213504K [0x00000000e0000000, 0x00000000f3500000, 0x0000000100000000)
  eden space 213504K, 100% used [0x00000000e0000000,0x00000000ed080000,0x00000000ed080000)
  from space 24576K, 0% used [0x00000000ed080000,0x00000000ed080000,0x00000000ee880000)
  to   space 24576K, 0% used [0x00000000f1d00000,0x00000000f1d00000,0x00000000f3500000)
 ParOldGen       total 123392K, used 55618K [0x00000000a0000000, 0x00000000a7880000, 0x00000000e0000000)
  object space 123392K, 45% used [0x00000000a0000000,0x00000000a3650b60,0x00000000a7880000)
 Metaspace       used 81256K, capacity 83712K, committed 86296K, reserved 1124352K
  class space    used 10470K, capacity 11027K, committed 11560K, reserved 1048576K
Event: 1557.360 GC heap after
Heap after GC invocations=32 (full 4):
 PSYoungGen      total 289792K, used 7778K [0x00000000e0000000, 0x00000000f3300000, 0x0000000100000000)
  eden space 267264K, 0% used [0x00000000e0000000,0x00000000e0000000,0x00000000f0500000)
  from space 22528K, 34% used [0x00000000f1d00000,0x00000000f2498918,0x00000000f3300000)
  to   space 23552K, 0% used [0x00000000f0500000,0x00000000f0500000,0x00000000f1c00000)
 ParOldGen       total 123392K, used 55626K [0x00000000a0000000, 0x00000000a7880000, 0x00000000e0000000)
  object space 123392K, 45% used [0x00000000a0000000,0x00000000a3652b60,0x00000000a7880000)
 Metaspace       used 81256K, capacity 83712K, committed 86296K, reserved 1124352K
  class space    used 10470K, capacity 11027K, committed 11560K, reserved 1048576K
}

