# JRE version: OpenJDK Runtime Environment (8.0_212-b04) (build 1.8.0_212-release-1586-b04)
# Java VM: OpenJDK 64-Bit Server VM (25.212-b04 mixed mode windows-amd64 compressed oops)
Heap:
 PSYoungGen      total 422400K, used 162183K [0x00000000e0000000, 0x00000000fc400000, 0x0000000100000000)
  eden space 388096K, 38% used [0x00000000e0000000,0x00000000e9016880,0x00000000f7b00000)
  from space 34304K, 42% used [0x00000000fa280000,0x00000000fb0cb660,0x00000000fc400000)
  to   space 37376K, 0% used [0x00000000f7b00000,0x00000000f7b00000,0x00000000f9f80000)
 ParOldGen       total 171008K, used 147724K [0x00000000a0000000, 0x00000000aa700000, 0x00000000e0000000)
  object space 171008K, 86% used [0x00000000a0000000,0x00000000a9043020,0x00000000aa700000)
 Metaspace       used 71539K, capacity 74728K, committed 75904K, reserved 1114112K
  class space    used 9656K, capacity 10280K, committed 10624K, reserved 1048576K
GC Heap History (10 events):
Event: 51.939 GC heap before
{Heap before GC invocations=39 (full 5):
 PSYoungGen      total 356864K, used 323909K [0x00000000e0000000, 0x00000000faf80000, 0x0000000100000000)
  eden space 312832K, 100% used [0x00000000e0000000,0x00000000f3180000,0x00000000f3180000)
  from space 44032K, 25% used [0x00000000f3180000,0x00000000f3c516d8,0x00000000f5c80000)
  to   space 44032K, 0% used [0x00000000f8480000,0x00000000f8480000,0x00000000faf80000)
 ParOldGen       total 171008K, used 133346K [0x00000000a0000000, 0x00000000aa700000, 0x00000000e0000000)
  object space 171008K, 77% used [0x00000000a0000000,0x00000000a8238ab0,0x00000000aa700000)
 Metaspace       used 71189K, capacity 74340K, committed 75648K, reserved 1114112K
  class space    used 9616K, capacity 10228K, committed 10624K, reserved 1048576K
Event: 51.965 GC heap after
Heap after GC invocations=39 (full 5):
 PSYoungGen      total 392704K, used 6216K [0x00000000e0000000, 0x00000000fad00000, 0x0000000100000000)
  eden space 351232K, 0% used [0x00000000e0000000,0x00000000e0000000,0x00000000f5700000)
  from space 41472K, 14% used [0x00000000f8480000,0x00000000f8a921c8,0x00000000fad00000)
  to   space 44032K, 0% used [0x00000000f5700000,0x00000000f5700000,0x00000000f8200000)
 ParOldGen       total 171008K, used 142571K [0x00000000a0000000, 0x00000000aa700000, 0x00000000e0000000)
  object space 171008K, 83% used [0x00000000a0000000,0x00000000a8b3af80,0x00000000aa700000)
 Metaspace       used 71189K, capacity 74340K, committed 75648K, reserved 1114112K
  class space    used 9616K, capacity 10228K, committed 10624K, reserved 1048576K
}
Event: 53.444 GC heap before
{Heap before GC invocations=40 (full 5):
 PSYoungGen      total 392704K, used 357448K [0x00000000e0000000, 0x00000000fad00000, 0x0000000100000000)
  eden space 351232K, 100% used [0x00000000e0000000,0x00000000f5700000,0x00000000f5700000)
  from space 41472K, 14% used [0x00000000f8480000,0x00000000f8a921c8,0x00000000fad00000)
  to   space 44032K, 0% used [0x00000000f5700000,0x00000000f5700000,0x00000000f8200000)
 ParOldGen       total 171008K, used 142571K [0x00000000a0000000, 0x00000000aa700000, 0x00000000e0000000)
  object space 171008K, 83% used [0x00000000a0000000,0x00000000a8b3af80,0x00000000aa700000)
 Metaspace       used 71251K, capacity 74418K, committed 75648K, reserved 1114112K
  class space    used 9619K, capacity 10233K, committed 10624K, reserved 1048576K
Event: 53.482 GC heap after
Heap after GC invocations=40 (full 5):
 PSYoungGen      total 395264K, used 8598K [0x00000000e0000000, 0x00000000fad00000, 0x0000000100000000)
  eden space 351232K, 0% used [0x00000000e0000000,0x00000000e0000000,0x00000000f5700000)
  from space 44032K, 19% used [0x00000000f5700000,0x00000000f5f65a88,0x00000000f8200000)
  to   space 41472K, 0% used [0x00000000f8480000,0x00000000f8480000,0x00000000fad00000)
 ParOldGen       total 171008K, used 147724K [0x00000000a0000000, 0x00000000aa700000, 0x00000000e0000000)
  object space 171008K, 86% used [0x00000000a0000000,0x00000000a9043020,0x00000000aa700000)
 Metaspace       used 71251K, capacity 74418K, committed 75648K, reserved 1114112K
  class space    used 9619K, capacity 10233K, committed 10624K, reserved 1048576K
}
Event: 54.557 GC heap before
{Heap before GC invocations=41 (full 5):
 PSYoungGen      total 395264K, used 359830K [0x00000000e0000000, 0x00000000fad00000, 0x0000000100000000)
  eden space 351232K, 100% used [0x00000000e0000000,0x00000000f5700000,0x00000000f5700000)
  from space 44032K, 19% used [0x00000000f5700000,0x00000000f5f65a88,0x00000000f8200000)
  to   space 41472K, 0% used [0x00000000f8480000,0x00000000f8480000,0x00000000fad00000)
 ParOldGen       total 171008K, used 147724K [0x00000000a0000000, 0x00000000aa700000, 0x00000000e0000000)
  object space 171008K, 86% used [0x00000000a0000000,0x00000000a9043020,0x00000000aa700000)
 Metaspace       used 71351K, capacity 74478K, committed 75648K, reserved 1114112K
  class space    used 9629K, capacity 10243K, committed 10624K, reserved 1048576K
Event: 54.584 GC heap after
Heap after GC invocations=41 (full 5):
 PSYoungGen      total 392704K, used 12284K [0x00000000e0000000, 0x00000000fad00000, 0x0000000100000000)
  eden space 351232K, 0% used [0x00000000e0000000,0x00000000e0000000,0x00000000f5700000)
  from space 41472K, 29% used [0x00000000f8480000,0x00000000f907f2a0,0x00000000fad00000)
  to   space 44032K, 0% used [0x00000000f5700000,0x00000000f5700000,0x00000000f8200000)
 ParOldGen       total 171008K, used 147724K [0x00000000a0000000, 0x00000000aa700000, 0x00000000e0000000)
  object space 171008K, 86% used [0x00000000a0000000,0x00000000a9043020,0x00000000aa700000)
 Metaspace       used 71351K, capacity 74478K, committed 75648K, reserved 1114112K
  class space    used 9629K, capacity 10243K, committed 10624K, reserved 1048576K
}
Event: 55.953 GC heap before
{Heap before GC invocations=42 (full 5):
 PSYoungGen      total 392704K, used 363516K [0x00000000e0000000, 0x00000000fad00000, 0x0000000100000000)
  eden space 351232K, 100% used [0x00000000e0000000,0x00000000f5700000,0x00000000f5700000)
  from space 41472K, 29% used [0x00000000f8480000,0x00000000f907f2a0,0x00000000fad00000)
  to   space 44032K, 0% used [0x00000000f5700000,0x00000000f5700000,0x00000000f8200000)
 ParOldGen       total 171008K, used 147724K [0x00000000a0000000, 0x00000000aa700000, 0x00000000e0000000)
  object space 171008K, 86% used [0x00000000a0000000,0x00000000a9043020,0x00000000aa700000)
 Metaspace       used 71455K, capacity 74624K, committed 75904K, reserved 1114112K
  class space    used 9642K, capacity 10246K, committed 10624K, reserved 1048576K
Event: 55.982 GC heap after
Heap after GC invocations=42 (full 5):
 PSYoungGen      total 395264K, used 15279K [0x00000000e0000000, 0x00000000fc900000, 0x0000000100000000)
  eden space 351232K, 0% used [0x00000000e0000000,0x00000000e0000000,0x00000000f5700000)
  from space 44032K, 34% used [0x00000000f5700000,0x00000000f65ebd18,0x00000000f8200000)
  to   space 39424K, 0% used [0x00000000fa280000,0x00000000fa280000,0x00000000fc900000)
 ParOldGen       total 171008K, used 147724K [0x00000000a0000000, 0x00000000aa700000, 0x00000000e0000000)
  object space 171008K, 86% used [0x00000000a0000000,0x00000000a9043020,0x00000000aa700000)
 Metaspace       used 71455K, capacity 74624K, committed 75904K, reserved 1114112K
  class space    used 9642K, capacity 10246K, committed 10624K, reserved 1048576K
}
Event: 57.315 GC heap before
{Heap before GC invocations=43 (full 5):
 PSYoungGen      total 395264K, used 366511K [0x00000000e0000000, 0x00000000fc900000, 0x0000000100000000)
  eden space 351232K, 100% used [0x00000000e0000000,0x00000000f5700000,0x00000000f5700000)
  from space 44032K, 34% used [0x00000000f5700000,0x00000000f65ebd18,0x00000000f8200000)
  to   space 39424K, 0% used [0x00000000fa280000,0x00000000fa280000,0x00000000fc900000)
 ParOldGen       total 171008K, used 147724K [0x00000000a0000000, 0x00000000aa700000, 0x00000000e0000000)
  object space 171008K, 86% used [0x00000000a0000000,0x00000000a9043020,0x00000000aa700000)
 Metaspace       used 71482K, capacity 74624K, committed 75904K, reserved 1114112K
  class space    used 9644K, capacity 10246K, committed 10624K, reserved 1048576K
Event: 57.346 GC heap after
Heap after GC invocations=43 (full 5):
 PSYoungGen      total 422400K, used 14637K [0x00000000e0000000, 0x00000000fc400000, 0x0000000100000000)
  eden space 388096K, 0% used [0x00000000e0000000,0x00000000e0000000,0x00000000f7b00000)
  from space 34304K, 42% used [0x00000000fa280000,0x00000000fb0cb660,0x00000000fc400000)
  to   space 37376K, 0% used [0x00000000f7b00000,0x00000000f7b00000,0x00000000f9f80000)
 ParOldGen       total 171008K, used 147724K [0x00000000a0000000, 0x00000000aa700000, 0x00000000e0000000)
  object space 171008K, 86% used [0x00000000a0000000,0x00000000a9043020,0x00000000aa700000)
 Metaspace       used 71482K, capacity 74624K, committed 75904K, reserved 1114112K
  class space    used 9644K, capacity 10246K, committed 10624K, reserved 1048576K
}

