# JRE version: OpenJDK Runtime Environment (8.0_212-b04) (build 1.8.0_212-release-1586-b04)
# Java VM: OpenJDK 64-Bit Server VM (25.212-b04 mixed mode windows-amd64 compressed oops)
Heap:
 PSYoungGen      total 149504K, used 29295K [0x00000000e0000000, 0x00000000ebb80000, 0x0000000100000000)
  eden space 137728K, 12% used [0x00000000e0000000,0x00000000e111f438,0x00000000e8680000)
  from space 11776K, 99% used [0x00000000e8680000,0x00000000e91fc998,0x00000000e9200000)
  to   space 12800K, 0% used [0x00000000e9200000,0x00000000e9200000,0x00000000e9e80000)
 ParOldGen       total 54784K, used 21847K [0x00000000a0000000, 0x00000000a3580000, 0x00000000e0000000)
  object space 54784K, 39% used [0x00000000a0000000,0x00000000a1555db0,0x00000000a3580000)
 Metaspace       used 48072K, capacity 49412K, committed 49536K, reserved 1093632K
  class space    used 6417K, capacity 6745K, committed 6784K, reserved 1048576K
GC Heap History (10 events):
Event: 9.504 GC heap before
{Heap before GC invocations=9 (full 1):
 PSYoungGen      total 71680K, used 64512K [0x00000000e0000000, 0x00000000e9200000, 0x0000000100000000)
  eden space 64512K, 100% used [0x00000000e0000000,0x00000000e3f00000,0x00000000e3f00000)
  from space 7168K, 0% used [0x00000000e3f00000,0x00000000e3f00000,0x00000000e4600000)
  to   space 10240K, 0% used [0x00000000e8800000,0x00000000e8800000,0x00000000e9200000)
 ParOldGen       total 39424K, used 12243K [0x00000000a0000000, 0x00000000a2680000, 0x00000000e0000000)
  object space 39424K, 31% used [0x00000000a0000000,0x00000000a0bf4e80,0x00000000a2680000)
 Metaspace       used 29039K, capacity 29660K, committed 30080K, reserved 1075200K
  class space    used 3895K, capacity 4099K, committed 4224K, reserved 1048576K
Event: 9.513 GC heap after
Heap after GC invocations=9 (full 1):
 PSYoungGen      total 111104K, used 8222K [0x00000000e0000000, 0x00000000e9080000, 0x0000000100000000)
  eden space 102400K, 0% used [0x00000000e0000000,0x00000000e0000000,0x00000000e6400000)
  from space 8704K, 94% used [0x00000000e8800000,0x00000000e9007840,0x00000000e9080000)
  to   space 10752K, 0% used [0x00000000e7b80000,0x00000000e7b80000,0x00000000e8600000)
 ParOldGen       total 39424K, used 12251K [0x00000000a0000000, 0x00000000a2680000, 0x00000000e0000000)
  object space 39424K, 31% used [0x00000000a0000000,0x00000000a0bf6e80,0x00000000a2680000)
 Metaspace       used 29039K, capacity 29660K, committed 30080K, reserved 1075200K
  class space    used 3895K, capacity 4099K, committed 4224K, reserved 1048576K
}
Event: 11.523 GC heap before
{Heap before GC invocations=10 (full 1):
 PSYoungGen      total 111104K, used 110622K [0x00000000e0000000, 0x00000000e9080000, 0x0000000100000000)
  eden space 102400K, 100% used [0x00000000e0000000,0x00000000e6400000,0x00000000e6400000)
  from space 8704K, 94% used [0x00000000e8800000,0x00000000e9007840,0x00000000e9080000)
  to   space 10752K, 0% used [0x00000000e7b80000,0x00000000e7b80000,0x00000000e8600000)
 ParOldGen       total 39424K, used 12251K [0x00000000a0000000, 0x00000000a2680000, 0x00000000e0000000)
  object space 39424K, 31% used [0x00000000a0000000,0x00000000a0bf6e80,0x00000000a2680000)
 Metaspace       used 34111K, capacity 34854K, committed 35200K, reserved 1079296K
  class space    used 4666K, capacity 4882K, committed 4992K, reserved 1048576K
Event: 11.540 GC heap after
Heap after GC invocations=10 (full 1):
 PSYoungGen      total 137216K, used 10740K [0x00000000e0000000, 0x00000000e9e80000, 0x0000000100000000)
  eden space 126464K, 0% used [0x00000000e0000000,0x00000000e0000000,0x00000000e7b80000)
  from space 10752K, 99% used [0x00000000e7b80000,0x00000000e85fd1c0,0x00000000e8600000)
  to   space 12800K, 0% used [0x00000000e9200000,0x00000000e9200000,0x00000000e9e80000)
 ParOldGen       total 39424K, used 12568K [0x00000000a0000000, 0x00000000a2680000, 0x00000000e0000000)
  object space 39424K, 31% used [0x00000000a0000000,0x00000000a0c46020,0x00000000a2680000)
 Metaspace       used 34111K, capacity 34854K, committed 35200K, reserved 1079296K
  class space    used 4666K, capacity 4882K, committed 4992K, reserved 1048576K
}
Event: 12.246 GC heap before
{Heap before GC invocations=11 (full 1):
 PSYoungGen      total 137216K, used 31634K [0x00000000e0000000, 0x00000000e9e80000, 0x0000000100000000)
  eden space 126464K, 16% used [0x00000000e0000000,0x00000000e1467970,0x00000000e7b80000)
  from space 10752K, 99% used [0x00000000e7b80000,0x00000000e85fd1c0,0x00000000e8600000)
  to   space 12800K, 0% used [0x00000000e9200000,0x00000000e9200000,0x00000000e9e80000)
 ParOldGen       total 39424K, used 12568K [0x00000000a0000000, 0x00000000a2680000, 0x00000000e0000000)
  object space 39424K, 31% used [0x00000000a0000000,0x00000000a0c46020,0x00000000a2680000)
 Metaspace       used 34541K, capacity 35360K, committed 35456K, reserved 1079296K
  class space    used 4722K, capacity 4933K, committed 4992K, reserved 1048576K
Event: 12.254 GC heap after
Heap after GC invocations=11 (full 1):
 PSYoungGen      total 150528K, used 5904K [0x00000000e0000000, 0x00000000ebb80000, 0x0000000100000000)
  eden space 137728K, 0% used [0x00000000e0000000,0x00000000e0000000,0x00000000e8680000)
  from space 12800K, 46% used [0x00000000e9200000,0x00000000e97c4010,0x00000000e9e80000)
  to   space 11776K, 0% used [0x00000000e8680000,0x00000000e8680000,0x00000000e9200000)
 ParOldGen       total 39424K, used 15992K [0x00000000a0000000, 0x00000000a2680000, 0x00000000e0000000)
  object space 39424K, 40% used [0x00000000a0000000,0x00000000a0f9e040,0x00000000a2680000)
 Metaspace       used 34541K, capacity 35360K, committed 35456K, reserved 1079296K
  class space    used 4722K, capacity 4933K, committed 4992K, reserved 1048576K
}
Event: 12.254 GC heap before
{Heap before GC invocations=12 (full 2):
 PSYoungGen      total 150528K, used 5904K [0x00000000e0000000, 0x00000000ebb80000, 0x0000000100000000)
  eden space 137728K, 0% used [0x00000000e0000000,0x00000000e0000000,0x00000000e8680000)
  from space 12800K, 46% used [0x00000000e9200000,0x00000000e97c4010,0x00000000e9e80000)
  to   space 11776K, 0% used [0x00000000e8680000,0x00000000e8680000,0x00000000e9200000)
 ParOldGen       total 39424K, used 15992K [0x00000000a0000000, 0x00000000a2680000, 0x00000000e0000000)
  object space 39424K, 40% used [0x00000000a0000000,0x00000000a0f9e040,0x00000000a2680000)
 Metaspace       used 34541K, capacity 35360K, committed 35456K, reserved 1079296K
  class space    used 4722K, capacity 4933K, committed 4992K, reserved 1048576K
Event: 12.313 GC heap after
Heap after GC invocations=12 (full 2):
 PSYoungGen      total 150528K, used 0K [0x00000000e0000000, 0x00000000ebb80000, 0x0000000100000000)
  eden space 137728K, 0% used [0x00000000e0000000,0x00000000e0000000,0x00000000e8680000)
  from space 12800K, 0% used [0x00000000e9200000,0x00000000e9200000,0x00000000e9e80000)
  to   space 11776K, 0% used [0x00000000e8680000,0x00000000e8680000,0x00000000e9200000)
 ParOldGen       total 54784K, used 16398K [0x00000000a0000000, 0x00000000a3580000, 0x00000000e0000000)
  object space 54784K, 29% used [0x00000000a0000000,0x00000000a1003958,0x00000000a3580000)
 Metaspace       used 34527K, capacity 35312K, committed 35456K, reserved 1079296K
  class space    used 4717K, capacity 4925K, committed 4992K, reserved 1048576K
}
Event: 20.495 GC heap before
{Heap before GC invocations=13 (full 2):
 PSYoungGen      total 150528K, used 137728K [0x00000000e0000000, 0x00000000ebb80000, 0x0000000100000000)
  eden space 137728K, 100% used [0x00000000e0000000,0x00000000e8680000,0x00000000e8680000)
  from space 12800K, 0% used [0x00000000e9200000,0x00000000e9200000,0x00000000e9e80000)
  to   space 11776K, 0% used [0x00000000e8680000,0x00000000e8680000,0x00000000e9200000)
 ParOldGen       total 54784K, used 16398K [0x00000000a0000000, 0x00000000a3580000, 0x00000000e0000000)
  object space 54784K, 29% used [0x00000000a0000000,0x00000000a1003958,0x00000000a3580000)
 Metaspace       used 47744K, capacity 48940K, committed 49280K, reserved 1091584K
  class space    used 6362K, capacity 6674K, committed 6784K, reserved 1048576K
Event: 20.523 GC heap after
Heap after GC invocations=13 (full 2):
 PSYoungGen      total 149504K, used 11762K [0x00000000e0000000, 0x00000000ebb80000, 0x0000000100000000)
  eden space 137728K, 0% used [0x00000000e0000000,0x00000000e0000000,0x00000000e8680000)
  from space 11776K, 99% used [0x00000000e8680000,0x00000000e91fc998,0x00000000e9200000)
  to   space 12800K, 0% used [0x00000000e9200000,0x00000000e9200000,0x00000000e9e80000)
 ParOldGen       total 54784K, used 21847K [0x00000000a0000000, 0x00000000a3580000, 0x00000000e0000000)
  object space 54784K, 39% used [0x00000000a0000000,0x00000000a1555db0,0x00000000a3580000)
 Metaspace       used 47744K, capacity 48940K, committed 49280K, reserved 1091584K
  class space    used 6362K, capacity 6674K, committed 6784K, reserved 1048576K
}

