# JRE version: OpenJDK Runtime Environment (8.0_212-b04) (build 1.8.0_212-release-1586-b04)
# Java VM: OpenJDK 64-Bit Server VM (25.212-b04 mixed mode windows-amd64 compressed oops)
Heap:
 PSYoungGen      total 219136K, used 98163K [0x00000000e0000000, 0x00000000f1400000, 0x0000000100000000)
  eden space 195072K, 45% used [0x00000000e0000000,0x00000000e55c61a8,0x00000000ebe80000)
  from space 24064K, 49% used [0x00000000efc80000,0x00000000f082a478,0x00000000f1400000)
  to   space 23552K, 0% used [0x00000000ebe80000,0x00000000ebe80000,0x00000000ed580000)
 ParOldGen       total 96768K, used 96682K [0x00000000a0000000, 0x00000000a5e80000, 0x00000000e0000000)
  object space 96768K, 99% used [0x00000000a0000000,0x00000000a5e6ab30,0x00000000a5e80000)
 Metaspace       used 80638K, capacity 84114K, committed 85376K, reserved 1122304K
  class space    used 10660K, capacity 11402K, committed 11648K, reserved 1048576K
GC Heap History (10 events):
Event: 47.583 GC heap before
{Heap before GC invocations=30 (full 3):
 PSYoungGen      total 176128K, used 174784K [0x00000000e0000000, 0x00000000ebe80000, 0x0000000100000000)
  eden space 163328K, 100% used [0x00000000e0000000,0x00000000e9f80000,0x00000000e9f80000)
  from space 12800K, 89% used [0x00000000eb200000,0x00000000ebd30100,0x00000000ebe80000)
  to   space 15872K, 0% used [0x00000000e9f80000,0x00000000e9f80000,0x00000000eaf00000)
 ParOldGen       total 83968K, used 33147K [0x00000000a0000000, 0x00000000a5200000, 0x00000000e0000000)
  object space 83968K, 39% used [0x00000000a0000000,0x00000000a205ecb0,0x00000000a5200000)
 Metaspace       used 68476K, capacity 71386K, committed 71552K, reserved 1110016K
  class space    used 9392K, capacity 10005K, committed 10112K, reserved 1048576K
Event: 47.608 GC heap after
Heap after GC invocations=30 (full 3):
 PSYoungGen      total 179200K, used 13110K [0x00000000e0000000, 0x00000000ee680000, 0x0000000100000000)
  eden space 163328K, 0% used [0x00000000e0000000,0x00000000e0000000,0x00000000e9f80000)
  from space 15872K, 82% used [0x00000000e9f80000,0x00000000eac4db68,0x00000000eaf00000)
  to   space 17408K, 0% used [0x00000000ed580000,0x00000000ed580000,0x00000000ee680000)
 ParOldGen       total 83968K, used 41238K [0x00000000a0000000, 0x00000000a5200000, 0x00000000e0000000)
  object space 83968K, 49% used [0x00000000a0000000,0x00000000a2845bc8,0x00000000a5200000)
 Metaspace       used 68476K, capacity 71386K, committed 71552K, reserved 1110016K
  class space    used 9392K, capacity 10005K, committed 10112K, reserved 1048576K
}
Event: 151.574 GC heap before
{Heap before GC invocations=31 (full 3):
 PSYoungGen      total 179200K, used 176438K [0x00000000e0000000, 0x00000000ee680000, 0x0000000100000000)
  eden space 163328K, 100% used [0x00000000e0000000,0x00000000e9f80000,0x00000000e9f80000)
  from space 15872K, 82% used [0x00000000e9f80000,0x00000000eac4db68,0x00000000eaf00000)
  to   space 17408K, 0% used [0x00000000ed580000,0x00000000ed580000,0x00000000ee680000)
 ParOldGen       total 83968K, used 41238K [0x00000000a0000000, 0x00000000a5200000, 0x00000000e0000000)
  object space 83968K, 49% used [0x00000000a0000000,0x00000000a2845bc8,0x00000000a5200000)
 Metaspace       used 75960K, capacity 79532K, committed 79744K, reserved 1118208K
  class space    used 10081K, capacity 10815K, committed 10880K, reserved 1048576K
Event: 152.010 GC heap after
Heap after GC invocations=31 (full 3):
 PSYoungGen      total 212480K, used 17396K [0x00000000e0000000, 0x00000000ef000000, 0x0000000100000000)
  eden space 195072K, 0% used [0x00000000e0000000,0x00000000e0000000,0x00000000ebe80000)
  from space 17408K, 99% used [0x00000000ed580000,0x00000000ee67d138,0x00000000ee680000)
  to   space 23552K, 0% used [0x00000000ebe80000,0x00000000ebe80000,0x00000000ed580000)
 ParOldGen       total 83968K, used 49935K [0x00000000a0000000, 0x00000000a5200000, 0x00000000e0000000)
  object space 83968K, 59% used [0x00000000a0000000,0x00000000a30c3f00,0x00000000a5200000)
 Metaspace       used 75960K, capacity 79532K, committed 79744K, reserved 1118208K
  class space    used 10081K, capacity 10815K, committed 10880K, reserved 1048576K
}
Event: 163.408 GC heap before
{Heap before GC invocations=32 (full 3):
 PSYoungGen      total 212480K, used 212468K [0x00000000e0000000, 0x00000000ef000000, 0x0000000100000000)
  eden space 195072K, 100% used [0x00000000e0000000,0x00000000ebe80000,0x00000000ebe80000)
  from space 17408K, 99% used [0x00000000ed580000,0x00000000ee67d138,0x00000000ee680000)
  to   space 23552K, 0% used [0x00000000ebe80000,0x00000000ebe80000,0x00000000ed580000)
 ParOldGen       total 83968K, used 49935K [0x00000000a0000000, 0x00000000a5200000, 0x00000000e0000000)
  object space 83968K, 59% used [0x00000000a0000000,0x00000000a30c3f00,0x00000000a5200000)
 Metaspace       used 78394K, capacity 82284K, committed 82432K, reserved 1120256K
  class space    used 10427K, capacity 11211K, committed 11264K, reserved 1048576K
Event: 163.676 GC heap after
Heap after GC invocations=32 (full 3):
 PSYoungGen      total 218624K, used 14354K [0x00000000e0000000, 0x00000000f1400000, 0x0000000100000000)
  eden space 195072K, 0% used [0x00000000e0000000,0x00000000e0000000,0x00000000ebe80000)
  from space 23552K, 60% used [0x00000000ebe80000,0x00000000ecc84bc0,0x00000000ed580000)
  to   space 24064K, 0% used [0x00000000efc80000,0x00000000efc80000,0x00000000f1400000)
 ParOldGen       total 83968K, used 62252K [0x00000000a0000000, 0x00000000a5200000, 0x00000000e0000000)
  object space 83968K, 74% used [0x00000000a0000000,0x00000000a3ccb0e0,0x00000000a5200000)
 Metaspace       used 78394K, capacity 82284K, committed 82432K, reserved 1120256K
  class space    used 10427K, capacity 11211K, committed 11264K, reserved 1048576K
}
Event: 166.530 GC heap before
{Heap before GC invocations=33 (full 3):
 PSYoungGen      total 218624K, used 209426K [0x00000000e0000000, 0x00000000f1400000, 0x0000000100000000)
  eden space 195072K, 100% used [0x00000000e0000000,0x00000000ebe80000,0x00000000ebe80000)
  from space 23552K, 60% used [0x00000000ebe80000,0x00000000ecc84bc0,0x00000000ed580000)
  to   space 24064K, 0% used [0x00000000efc80000,0x00000000efc80000,0x00000000f1400000)
 ParOldGen       total 83968K, used 62252K [0x00000000a0000000, 0x00000000a5200000, 0x00000000e0000000)
  object space 83968K, 74% used [0x00000000a0000000,0x00000000a3ccb0e0,0x00000000a5200000)
 Metaspace       used 80672K, capacity 84816K, committed 85120K, reserved 1122304K
  class space    used 10735K, capacity 11587K, committed 11648K, reserved 1048576K
Event: 166.993 GC heap after
Heap after GC invocations=33 (full 3):
 PSYoungGen      total 219136K, used 24051K [0x00000000e0000000, 0x00000000f1400000, 0x0000000100000000)
  eden space 195072K, 0% used [0x00000000e0000000,0x00000000e0000000,0x00000000ebe80000)
  from space 24064K, 99% used [0x00000000efc80000,0x00000000f13fcc70,0x00000000f1400000)
  to   space 23552K, 0% used [0x00000000ebe80000,0x00000000ebe80000,0x00000000ed580000)
 ParOldGen       total 96768K, used 96528K [0x00000000a0000000, 0x00000000a5e80000, 0x00000000e0000000)
  object space 96768K, 99% used [0x00000000a0000000,0x00000000a5e44008,0x00000000a5e80000)
 Metaspace       used 80672K, capacity 84816K, committed 85120K, reserved 1122304K
  class space    used 10735K, capacity 11587K, committed 11648K, reserved 1048576K
}
Event: 167.086 GC heap before
{Heap before GC invocations=34 (full 4):
 PSYoungGen      total 219136K, used 24051K [0x00000000e0000000, 0x00000000f1400000, 0x0000000100000000)
  eden space 195072K, 0% used [0x00000000e0000000,0x00000000e0000000,0x00000000ebe80000)
  from space 24064K, 99% used [0x00000000efc80000,0x00000000f13fcc70,0x00000000f1400000)
  to   space 23552K, 0% used [0x00000000ebe80000,0x00000000ebe80000,0x00000000ed580000)
 ParOldGen       total 96768K, used 96528K [0x00000000a0000000, 0x00000000a5e80000, 0x00000000e0000000)
  object space 96768K, 99% used [0x00000000a0000000,0x00000000a5e44008,0x00000000a5e80000)
 Metaspace       used 80672K, capacity 84816K, committed 85120K, reserved 1122304K
  class space    used 10735K, capacity 11587K, committed 11648K, reserved 1048576K
Event: 171.395 GC heap after
Heap after GC invocations=34 (full 4):
 PSYoungGen      total 219136K, used 11945K [0x00000000e0000000, 0x00000000f1400000, 0x0000000100000000)
  eden space 195072K, 0% used [0x00000000e0000000,0x00000000e0000000,0x00000000ebe80000)
  from space 24064K, 49% used [0x00000000efc80000,0x00000000f082a478,0x00000000f1400000)
  to   space 23552K, 0% used [0x00000000ebe80000,0x00000000ebe80000,0x00000000ed580000)
 ParOldGen       total 96768K, used 96682K [0x00000000a0000000, 0x00000000a5e80000, 0x00000000e0000000)
  object space 96768K, 99% used [0x00000000a0000000,0x00000000a5e6ab30,0x00000000a5e80000)
 Metaspace       used 80302K, capacity 83806K, committed 85120K, reserved 1122304K
  class space    used 10611K, capacity 11366K, committed 11648K, reserved 1048576K
}

