# JRE version: OpenJDK Runtime Environment (8.0_212-b04) (build 1.8.0_212-release-1586-b04)
# Java VM: OpenJDK 64-Bit Server VM (25.212-b04 mixed mode windows-amd64 compressed oops)
Heap:
 PSYoungGen      total 363008K, used 106480K [0x00000000e0000000, 0x00000000f9580000, 0x0000000100000000)
  eden space 318976K, 24% used [0x00000000e0000000,0x00000000e4cbae78,0x00000000f3780000)
  from space 44032K, 63% used [0x00000000f3780000,0x00000000f52c12e8,0x00000000f6280000)
  to   space 41472K, 0% used [0x00000000f6d00000,0x00000000f6d00000,0x00000000f9580000)
 ParOldGen       total 265728K, used 104778K [0x00000000a0000000, 0x00000000b0380000, 0x00000000e0000000)
  object space 265728K, 39% used [0x00000000a0000000,0x00000000a6652898,0x00000000b0380000)
 Metaspace       used 89348K, capacity 93564K, committed 94104K, reserved 1130496K
  class space    used 11677K, capacity 12476K, committed 12712K, reserved 1048576K
GC Heap History (10 events):
Event: 93.767 GC heap before
{Heap before GC invocations=18 (full 4):
 PSYoungGen      total 351232K, used 32248K [0x00000000e0000000, 0x00000000f9180000, 0x0000000100000000)
  eden space 318976K, 0% used [0x00000000e0000000,0x00000000e0000000,0x00000000f3780000)
  from space 32256K, 99% used [0x00000000f6280000,0x00000000f81fe090,0x00000000f8200000)
  to   space 44032K, 0% used [0x00000000f3780000,0x00000000f3780000,0x00000000f6280000)
 ParOldGen       total 99840K, used 89593K [0x00000000a0000000, 0x00000000a6180000, 0x00000000e0000000)
  object space 99840K, 89% used [0x00000000a0000000,0x00000000a577e500,0x00000000a6180000)
 Metaspace       used 82912K, capacity 87430K, committed 87704K, reserved 1124352K
  class space    used 10990K, capacity 11875K, committed 11944K, reserved 1048576K
Event: 94.768 GC heap after
Heap after GC invocations=18 (full 4):
 PSYoungGen      total 351232K, used 6181K [0x00000000e0000000, 0x00000000f9180000, 0x0000000100000000)
  eden space 318976K, 0% used [0x00000000e0000000,0x00000000e0000000,0x00000000f3780000)
  from space 32256K, 19% used [0x00000000f6280000,0x00000000f6889578,0x00000000f8200000)
  to   space 44032K, 0% used [0x00000000f3780000,0x00000000f3780000,0x00000000f6280000)
 ParOldGen       total 99840K, used 99456K [0x00000000a0000000, 0x00000000a6180000, 0x00000000e0000000)
  object space 99840K, 99% used [0x00000000a0000000,0x00000000a61200c0,0x00000000a6180000)
 Metaspace       used 82295K, capacity 85726K, committed 87704K, reserved 1124352K
  class space    used 10784K, capacity 11511K, committed 11944K, reserved 1048576K
}
Event: 96.452 GC heap before
{Heap before GC invocations=19 (full 5):
 PSYoungGen      total 351232K, used 325157K [0x00000000e0000000, 0x00000000f9180000, 0x0000000100000000)
  eden space 318976K, 100% used [0x00000000e0000000,0x00000000f3780000,0x00000000f3780000)
  from space 32256K, 19% used [0x00000000f6280000,0x00000000f6889578,0x00000000f8200000)
  to   space 44032K, 0% used [0x00000000f3780000,0x00000000f3780000,0x00000000f6280000)
 ParOldGen       total 99840K, used 99458K [0x00000000a0000000, 0x00000000a6180000, 0x00000000e0000000)
  object space 99840K, 99% used [0x00000000a0000000,0x00000000a6120a88,0x00000000a6180000)
 Metaspace       used 87171K, capacity 91006K, committed 92184K, reserved 1128448K
  class space    used 11505K, capacity 12327K, committed 12584K, reserved 1048576K
Event: 97.402 GC heap after
Heap after GC invocations=19 (full 5):
 PSYoungGen      total 351232K, used 33591K [0x00000000e0000000, 0x00000000f9180000, 0x0000000100000000)
  eden space 318976K, 10% used [0x00000000e0000000,0x00000000e20cdd50,0x00000000f3780000)
  from space 32256K, 0% used [0x00000000f6280000,0x00000000f6280000,0x00000000f8200000)
  to   space 44032K, 0% used [0x00000000f3780000,0x00000000f3780000,0x00000000f6280000)
 ParOldGen       total 99840K, used 99770K [0x00000000a0000000, 0x00000000a6180000, 0x00000000e0000000)
  object space 99840K, 99% used [0x00000000a0000000,0x00000000a616e848,0x00000000a6180000)
 Metaspace       used 87048K, capacity 90728K, committed 92184K, reserved 1128448K
  class space    used 11460K, capacity 12250K, committed 12584K, reserved 1048576K
}
Event: 98.652 GC heap before
{Heap before GC invocations=20 (full 6):
 PSYoungGen      total 351232K, used 318976K [0x00000000e0000000, 0x00000000f9180000, 0x0000000100000000)
  eden space 318976K, 100% used [0x00000000e0000000,0x00000000f3780000,0x00000000f3780000)
  from space 32256K, 0% used [0x00000000f6280000,0x00000000f6280000,0x00000000f8200000)
  to   space 44032K, 0% used [0x00000000f3780000,0x00000000f3780000,0x00000000f6280000)
 ParOldGen       total 99840K, used 99770K [0x00000000a0000000, 0x00000000a6180000, 0x00000000e0000000)
  object space 99840K, 99% used [0x00000000a0000000,0x00000000a616e848,0x00000000a6180000)
 Metaspace       used 88420K, capacity 92334K, committed 93336K, reserved 1130496K
  class space    used 11625K, capacity 12411K, committed 12712K, reserved 1048576K
Event: 99.200 GC heap after
Heap after GC invocations=20 (full 6):
 PSYoungGen      total 351232K, used 21336K [0x00000000e0000000, 0x00000000f9180000, 0x0000000100000000)
  eden space 318976K, 6% used [0x00000000e0000000,0x00000000e14d6220,0x00000000f3780000)
  from space 32256K, 0% used [0x00000000f6280000,0x00000000f6280000,0x00000000f8200000)
  to   space 44032K, 0% used [0x00000000f3780000,0x00000000f3780000,0x00000000f6280000)
 ParOldGen       total 265728K, used 99569K [0x00000000a0000000, 0x00000000b0380000, 0x00000000e0000000)
  object space 265728K, 37% used [0x00000000a0000000,0x00000000a613c7e0,0x00000000b0380000)
 Metaspace       used 88409K, capacity 92298K, committed 93336K, reserved 1130496K
  class space    used 11621K, capacity 12405K, committed 12712K, reserved 1048576K
}
Event: 99.974 GC heap before
{Heap before GC invocations=21 (full 6):
 PSYoungGen      total 351232K, used 318976K [0x00000000e0000000, 0x00000000f9180000, 0x0000000100000000)
  eden space 318976K, 100% used [0x00000000e0000000,0x00000000f3780000,0x00000000f3780000)
  from space 32256K, 0% used [0x00000000f6280000,0x00000000f6280000,0x00000000f8200000)
  to   space 44032K, 0% used [0x00000000f3780000,0x00000000f3780000,0x00000000f6280000)
 ParOldGen       total 265728K, used 99569K [0x00000000a0000000, 0x00000000b0380000, 0x00000000e0000000)
  object space 265728K, 37% used [0x00000000a0000000,0x00000000a613c7e0,0x00000000b0380000)
 Metaspace       used 89088K, capacity 93224K, committed 93848K, reserved 1130496K
  class space    used 11670K, capacity 12470K, committed 12712K, reserved 1048576K
Event: 100.065 GC heap after
Heap after GC invocations=21 (full 6):
 PSYoungGen      total 363008K, used 17541K [0x00000000e0000000, 0x00000000f9580000, 0x0000000100000000)
  eden space 318976K, 0% used [0x00000000e0000000,0x00000000e0000000,0x00000000f3780000)
  from space 44032K, 39% used [0x00000000f3780000,0x00000000f48a17f0,0x00000000f6280000)
  to   space 41472K, 0% used [0x00000000f6d00000,0x00000000f6d00000,0x00000000f9580000)
 ParOldGen       total 265728K, used 104770K [0x00000000a0000000, 0x00000000b0380000, 0x00000000e0000000)
  object space 265728K, 39% used [0x00000000a0000000,0x00000000a6650898,0x00000000b0380000)
 Metaspace       used 89088K, capacity 93224K, committed 93848K, reserved 1130496K
  class space    used 11670K, capacity 12470K, committed 12712K, reserved 1048576K
}
Event: 100.814 GC heap before
{Heap before GC invocations=22 (full 6):
 PSYoungGen      total 363008K, used 336517K [0x00000000e0000000, 0x00000000f9580000, 0x0000000100000000)
  eden space 318976K, 100% used [0x00000000e0000000,0x00000000f3780000,0x00000000f3780000)
  from space 44032K, 39% used [0x00000000f3780000,0x00000000f48a17f0,0x00000000f6280000)
  to   space 41472K, 0% used [0x00000000f6d00000,0x00000000f6d00000,0x00000000f9580000)
 ParOldGen       total 265728K, used 104770K [0x00000000a0000000, 0x00000000b0380000, 0x00000000e0000000)
  object space 265728K, 39% used [0x00000000a0000000,0x00000000a6650898,0x00000000b0380000)
 Metaspace       used 89222K, capacity 93396K, committed 94104K, reserved 1130496K
  class space    used 11672K, capacity 12472K, committed 12712K, reserved 1048576K
Event: 100.842 GC heap after
Heap after GC invocations=22 (full 6):
 PSYoungGen      total 360448K, used 25091K [0x00000000e0000000, 0x00000000f9580000, 0x0000000100000000)
  eden space 318976K, 0% used [0x00000000e0000000,0x00000000e0000000,0x00000000f3780000)
  from space 41472K, 60% used [0x00000000f6d00000,0x00000000f8580da8,0x00000000f9580000)
  to   space 44032K, 0% used [0x00000000f3780000,0x00000000f3780000,0x00000000f6280000)
 ParOldGen       total 265728K, used 104778K [0x00000000a0000000, 0x00000000b0380000, 0x00000000e0000000)
  object space 265728K, 39% used [0x00000000a0000000,0x00000000a6652898,0x00000000b0380000)
 Metaspace       used 89222K, capacity 93396K, committed 94104K, reserved 1130496K
  class space    used 11672K, capacity 12472K, committed 12712K, reserved 1048576K
}

