# JRE version: OpenJDK Runtime Environment (8.0_212-b04) (build 1.8.0_212-release-1586-b04)
# Java VM: OpenJDK 64-Bit Server VM (25.212-b04 mixed mode windows-amd64 compressed oops)
Heap:
 PSYoungGen      total 72192K, used 9434K [0x00000000e0000000, 0x00000000e5e00000, 0x0000000100000000)
  eden space 61440K, 1% used [0x00000000e0000000,0x00000000e01267b8,0x00000000e3c00000)
  from space 10752K, 76% used [0x00000000e3c00000,0x00000000e4410190,0x00000000e4680000)
  to   space 11264K, 0% used [0x00000000e5300000,0x00000000e5300000,0x00000000e5e00000)
 ParOldGen       total 43520K, used 12261K [0x00000000a0000000, 0x00000000a2a80000, 0x00000000e0000000)
  object space 43520K, 28% used [0x00000000a0000000,0x00000000a0bf95b8,0x00000000a2a80000)
 Metaspace       used 31857K, capacity 32500K, committed 32768K, reserved 1077248K
  class space    used 4356K, capacity 4559K, committed 4608K, reserved 1048576K
GC Heap History (10 events):
Event: 11.070 GC heap before
{Heap before GC invocations=5 (full 0):
 PSYoungGen      total 35328K, used 35321K [0x00000000e0000000, 0x00000000e2500000, 0x0000000100000000)
  eden space 32768K, 100% used [0x00000000e0000000,0x00000000e2000000,0x00000000e2000000)
  from space 2560K, 99% used [0x00000000e2280000,0x00000000e24fe640,0x00000000e2500000)
  to   space 2560K, 0% used [0x00000000e2000000,0x00000000e2000000,0x00000000e2280000)
 ParOldGen       total 44032K, used 2155K [0x00000000a0000000, 0x00000000a2b00000, 0x00000000e0000000)
  object space 44032K, 4% used [0x00000000a0000000,0x00000000a021aed0,0x00000000a2b00000)
 Metaspace       used 12364K, capacity 12858K, committed 13056K, reserved 1060864K
  class space    used 1645K, capacity 1775K, committed 1792K, reserved 1048576K
Event: 11.081 GC heap after
Heap after GC invocations=5 (full 0):
 PSYoungGen      total 35328K, used 2553K [0x00000000e0000000, 0x00000000e4c00000, 0x0000000100000000)
  eden space 32768K, 0% used [0x00000000e0000000,0x00000000e0000000,0x00000000e2000000)
  from space 2560K, 99% used [0x00000000e2000000,0x00000000e227e620,0x00000000e2280000)
  to   space 6144K, 0% used [0x00000000e4600000,0x00000000e4600000,0x00000000e4c00000)
 ParOldGen       total 44032K, used 5812K [0x00000000a0000000, 0x00000000a2b00000, 0x00000000e0000000)
  object space 44032K, 13% used [0x00000000a0000000,0x00000000a05ad278,0x00000000a2b00000)
 Metaspace       used 12364K, capacity 12858K, committed 13056K, reserved 1060864K
  class space    used 1645K, capacity 1775K, committed 1792K, reserved 1048576K
}
Event: 12.104 GC heap before
{Heap before GC invocations=6 (full 0):
 PSYoungGen      total 35328K, used 35321K [0x00000000e0000000, 0x00000000e4c00000, 0x0000000100000000)
  eden space 32768K, 100% used [0x00000000e0000000,0x00000000e2000000,0x00000000e2000000)
  from space 2560K, 99% used [0x00000000e2000000,0x00000000e227e620,0x00000000e2280000)
  to   space 6144K, 0% used [0x00000000e4600000,0x00000000e4600000,0x00000000e4c00000)
 ParOldGen       total 44032K, used 5823K [0x00000000a0000000, 0x00000000a2b00000, 0x00000000e0000000)
  object space 44032K, 13% used [0x00000000a0000000,0x00000000a05afee8,0x00000000a2b00000)
 Metaspace       used 14687K, capacity 15108K, committed 15232K, reserved 1062912K
  class space    used 2045K, capacity 2164K, committed 2176K, reserved 1048576K
Event: 12.115 GC heap after
Heap after GC invocations=6 (full 0):
 PSYoungGen      total 70656K, used 6027K [0x00000000e0000000, 0x00000000e4e00000, 0x0000000100000000)
  eden space 64512K, 0% used [0x00000000e0000000,0x00000000e0000000,0x00000000e3f00000)
  from space 6144K, 98% used [0x00000000e4600000,0x00000000e4be2f60,0x00000000e4c00000)
  to   space 7168K, 0% used [0x00000000e3f00000,0x00000000e3f00000,0x00000000e4600000)
 ParOldGen       total 44032K, used 5831K [0x00000000a0000000, 0x00000000a2b00000, 0x00000000e0000000)
  object space 44032K, 13% used [0x00000000a0000000,0x00000000a05b1ee8,0x00000000a2b00000)
 Metaspace       used 14687K, capacity 15108K, committed 15232K, reserved 1062912K
  class space    used 2045K, capacity 2164K, committed 2176K, reserved 1048576K
}
Event: 15.667 GC heap before
{Heap before GC invocations=7 (full 0):
 PSYoungGen      total 70656K, used 68248K [0x00000000e0000000, 0x00000000e4e00000, 0x0000000100000000)
  eden space 64512K, 96% used [0x00000000e0000000,0x00000000e3cc3160,0x00000000e3f00000)
  from space 6144K, 98% used [0x00000000e4600000,0x00000000e4be2f60,0x00000000e4c00000)
  to   space 7168K, 0% used [0x00000000e3f00000,0x00000000e3f00000,0x00000000e4600000)
 ParOldGen       total 44032K, used 5831K [0x00000000a0000000, 0x00000000a2b00000, 0x00000000e0000000)
  object space 44032K, 13% used [0x00000000a0000000,0x00000000a05b1ee8,0x00000000a2b00000)
 Metaspace       used 20621K, capacity 21170K, committed 21296K, reserved 1067008K
  class space    used 2960K, capacity 3133K, committed 3200K, reserved 1048576K
Event: 15.680 GC heap after
Heap after GC invocations=7 (full 0):
 PSYoungGen      total 69120K, used 7145K [0x00000000e0000000, 0x00000000e5080000, 0x0000000100000000)
  eden space 61952K, 0% used [0x00000000e0000000,0x00000000e0000000,0x00000000e3c80000)
  from space 7168K, 99% used [0x00000000e3f00000,0x00000000e45fa508,0x00000000e4600000)
  to   space 10240K, 0% used [0x00000000e4680000,0x00000000e4680000,0x00000000e5080000)
 ParOldGen       total 44032K, used 9583K [0x00000000a0000000, 0x00000000a2b00000, 0x00000000e0000000)
  object space 44032K, 21% used [0x00000000a0000000,0x00000000a095be10,0x00000000a2b00000)
 Metaspace       used 20621K, capacity 21170K, committed 21296K, reserved 1067008K
  class space    used 2960K, capacity 3133K, committed 3200K, reserved 1048576K
}
Event: 15.680 GC heap before
{Heap before GC invocations=8 (full 1):
 PSYoungGen      total 69120K, used 7145K [0x00000000e0000000, 0x00000000e5080000, 0x0000000100000000)
  eden space 61952K, 0% used [0x00000000e0000000,0x00000000e0000000,0x00000000e3c80000)
  from space 7168K, 99% used [0x00000000e3f00000,0x00000000e45fa508,0x00000000e4600000)
  to   space 10240K, 0% used [0x00000000e4680000,0x00000000e4680000,0x00000000e5080000)
 ParOldGen       total 44032K, used 9583K [0x00000000a0000000, 0x00000000a2b00000, 0x00000000e0000000)
  object space 44032K, 21% used [0x00000000a0000000,0x00000000a095be10,0x00000000a2b00000)
 Metaspace       used 20621K, capacity 21170K, committed 21296K, reserved 1067008K
  class space    used 2960K, capacity 3133K, committed 3200K, reserved 1048576K
Event: 15.947 GC heap after
Heap after GC invocations=8 (full 1):
 PSYoungGen      total 69120K, used 0K [0x00000000e0000000, 0x00000000e5080000, 0x0000000100000000)
  eden space 61952K, 0% used [0x00000000e0000000,0x00000000e0000000,0x00000000e3c80000)
  from space 7168K, 0% used [0x00000000e3f00000,0x00000000e3f00000,0x00000000e4600000)
  to   space 10240K, 0% used [0x00000000e4680000,0x00000000e4680000,0x00000000e5080000)
 ParOldGen       total 43520K, used 12245K [0x00000000a0000000, 0x00000000a2a80000, 0x00000000e0000000)
  object space 43520K, 28% used [0x00000000a0000000,0x00000000a0bf55b8,0x00000000a2a80000)
 Metaspace       used 20621K, capacity 21170K, committed 21296K, reserved 1067008K
  class space    used 2960K, capacity 3133K, committed 3200K, reserved 1048576K
}
Event: 22.700 GC heap before
{Heap before GC invocations=9 (full 1):
 PSYoungGen      total 69120K, used 61952K [0x00000000e0000000, 0x00000000e5080000, 0x0000000100000000)
  eden space 61952K, 100% used [0x00000000e0000000,0x00000000e3c80000,0x00000000e3c80000)
  from space 7168K, 0% used [0x00000000e3f00000,0x00000000e3f00000,0x00000000e4600000)
  to   space 10240K, 0% used [0x00000000e4680000,0x00000000e4680000,0x00000000e5080000)
 ParOldGen       total 43520K, used 12245K [0x00000000a0000000, 0x00000000a2a80000, 0x00000000e0000000)
  object space 43520K, 28% used [0x00000000a0000000,0x00000000a0bf55b8,0x00000000a2a80000)
 Metaspace       used 28506K, capacity 29136K, committed 29568K, reserved 1075200K
  class space    used 3887K, capacity 4099K, committed 4224K, reserved 1048576K
Event: 22.709 GC heap after
Heap after GC invocations=9 (full 1):
 PSYoungGen      total 71680K, used 8012K [0x00000000e0000000, 0x00000000e6600000, 0x0000000100000000)
  eden space 61440K, 0% used [0x00000000e0000000,0x00000000e0000000,0x00000000e3c00000)
  from space 10240K, 78% used [0x00000000e4680000,0x00000000e4e533e0,0x00000000e5080000)
  to   space 10752K, 0% used [0x00000000e3c00000,0x00000000e3c00000,0x00000000e4680000)
 ParOldGen       total 43520K, used 12253K [0x00000000a0000000, 0x00000000a2a80000, 0x00000000e0000000)
  object space 43520K, 28% used [0x00000000a0000000,0x00000000a0bf75b8,0x00000000a2a80000)
 Metaspace       used 28506K, capacity 29136K, committed 29568K, reserved 1075200K
  class space    used 3887K, capacity 4099K, committed 4224K, reserved 1048576K
}

