# JRE version: OpenJDK Runtime Environment (8.0_212-b04) (build 1.8.0_212-release-1586-b04)
# Java VM: OpenJDK 64-Bit Server VM (25.212-b04 mixed mode windows-amd64 compressed oops)
Heap:
 PSYoungGen      total 155136K, used 38286K [0x00000000e0000000, 0x00000000edb00000, 0x0000000100000000)
  eden space 142848K, 18% used [0x00000000e0000000,0x00000000e19694b8,0x00000000e8b80000)
  from space 12288K, 99% used [0x00000000e8b80000,0x00000000e977a6e0,0x00000000e9780000)
  to   space 15872K, 0% used [0x00000000ecb80000,0x00000000ecb80000,0x00000000edb00000)
 ParOldGen       total 50176K, used 20892K [0x00000000a0000000, 0x00000000a3100000, 0x00000000e0000000)
  object space 50176K, 41% used [0x00000000a0000000,0x00000000a14670d0,0x00000000a3100000)
 Metaspace       used 48539K, capacity 49956K, committed 50176K, reserved 1093632K
  class space    used 6497K, capacity 6857K, committed 6912K, reserved 1048576K
GC Heap History (10 events):
Event: 27.494 GC heap before
{Heap before GC invocations=9 (full 1):
 PSYoungGen      total 71680K, used 64512K [0x00000000e0000000, 0x00000000e9200000, 0x0000000100000000)
  eden space 64512K, 100% used [0x00000000e0000000,0x00000000e3f00000,0x00000000e3f00000)
  from space 7168K, 0% used [0x00000000e3f00000,0x00000000e3f00000,0x00000000e4600000)
  to   space 10240K, 0% used [0x00000000e8800000,0x00000000e8800000,0x00000000e9200000)
 ParOldGen       total 38400K, used 11974K [0x00000000a0000000, 0x00000000a2580000, 0x00000000e0000000)
  object space 38400K, 31% used [0x00000000a0000000,0x00000000a0bb1ab0,0x00000000a2580000)
 Metaspace       used 28709K, capacity 29268K, committed 29568K, reserved 1075200K
  class space    used 3927K, capacity 4135K, committed 4224K, reserved 1048576K
Event: 27.510 GC heap after
Heap after GC invocations=9 (full 1):
 PSYoungGen      total 113664K, used 8392K [0x00000000e0000000, 0x00000000e9080000, 0x0000000100000000)
  eden space 104960K, 0% used [0x00000000e0000000,0x00000000e0000000,0x00000000e6680000)
  from space 8704K, 96% used [0x00000000e8800000,0x00000000e9032120,0x00000000e9080000)
  to   space 10752K, 0% used [0x00000000e7b80000,0x00000000e7b80000,0x00000000e8600000)
 ParOldGen       total 38400K, used 11982K [0x00000000a0000000, 0x00000000a2580000, 0x00000000e0000000)
  object space 38400K, 31% used [0x00000000a0000000,0x00000000a0bb3ab0,0x00000000a2580000)
 Metaspace       used 28709K, capacity 29268K, committed 29568K, reserved 1075200K
  class space    used 3927K, capacity 4135K, committed 4224K, reserved 1048576K
}
Event: 31.882 GC heap before
{Heap before GC invocations=10 (full 1):
 PSYoungGen      total 113664K, used 113352K [0x00000000e0000000, 0x00000000e9080000, 0x0000000100000000)
  eden space 104960K, 100% used [0x00000000e0000000,0x00000000e6680000,0x00000000e6680000)
  from space 8704K, 96% used [0x00000000e8800000,0x00000000e9032120,0x00000000e9080000)
  to   space 10752K, 0% used [0x00000000e7b80000,0x00000000e7b80000,0x00000000e8600000)
 ParOldGen       total 38400K, used 11982K [0x00000000a0000000, 0x00000000a2580000, 0x00000000e0000000)
  object space 38400K, 31% used [0x00000000a0000000,0x00000000a0bb3ab0,0x00000000a2580000)
 Metaspace       used 34295K, capacity 35038K, committed 35200K, reserved 1079296K
  class space    used 4706K, capacity 4918K, committed 4992K, reserved 1048576K
Event: 31.900 GC heap after
Heap after GC invocations=10 (full 1):
 PSYoungGen      total 137216K, used 10751K [0x00000000e0000000, 0x00000000ea400000, 0x0000000100000000)
  eden space 126464K, 0% used [0x00000000e0000000,0x00000000e0000000,0x00000000e7b80000)
  from space 10752K, 99% used [0x00000000e7b80000,0x00000000e85fffb8,0x00000000e8600000)
  to   space 12800K, 0% used [0x00000000e9780000,0x00000000e9780000,0x00000000ea400000)
 ParOldGen       total 38400K, used 12545K [0x00000000a0000000, 0x00000000a2580000, 0x00000000e0000000)
  object space 38400K, 32% used [0x00000000a0000000,0x00000000a0c40660,0x00000000a2580000)
 Metaspace       used 34295K, capacity 35038K, committed 35200K, reserved 1079296K
  class space    used 4706K, capacity 4918K, committed 4992K, reserved 1048576K
}
Event: 32.277 GC heap before
{Heap before GC invocations=11 (full 1):
 PSYoungGen      total 137216K, used 23273K [0x00000000e0000000, 0x00000000ea400000, 0x0000000100000000)
  eden space 126464K, 9% used [0x00000000e0000000,0x00000000e0c3a7a0,0x00000000e7b80000)
  from space 10752K, 99% used [0x00000000e7b80000,0x00000000e85fffb8,0x00000000e8600000)
  to   space 12800K, 0% used [0x00000000e9780000,0x00000000e9780000,0x00000000ea400000)
 ParOldGen       total 38400K, used 12545K [0x00000000a0000000, 0x00000000a2580000, 0x00000000e0000000)
  object space 38400K, 32% used [0x00000000a0000000,0x00000000a0c40660,0x00000000a2580000)
 Metaspace       used 34596K, capacity 35362K, committed 35456K, reserved 1079296K
  class space    used 4742K, capacity 4956K, committed 4992K, reserved 1048576K
Event: 32.289 GC heap after
Heap after GC invocations=11 (full 1):
 PSYoungGen      total 155648K, used 4864K [0x00000000e0000000, 0x00000000ec900000, 0x0000000100000000)
  eden space 142848K, 0% used [0x00000000e0000000,0x00000000e0000000,0x00000000e8b80000)
  from space 12800K, 38% used [0x00000000e9780000,0x00000000e9c40000,0x00000000ea400000)
  to   space 12288K, 0% used [0x00000000e8b80000,0x00000000e8b80000,0x00000000e9780000)
 ParOldGen       total 38400K, used 16209K [0x00000000a0000000, 0x00000000a2580000, 0x00000000e0000000)
  object space 38400K, 42% used [0x00000000a0000000,0x00000000a0fd4680,0x00000000a2580000)
 Metaspace       used 34596K, capacity 35362K, committed 35456K, reserved 1079296K
  class space    used 4742K, capacity 4956K, committed 4992K, reserved 1048576K
}
Event: 32.289 GC heap before
{Heap before GC invocations=12 (full 2):
 PSYoungGen      total 155648K, used 4864K [0x00000000e0000000, 0x00000000ec900000, 0x0000000100000000)
  eden space 142848K, 0% used [0x00000000e0000000,0x00000000e0000000,0x00000000e8b80000)
  from space 12800K, 38% used [0x00000000e9780000,0x00000000e9c40000,0x00000000ea400000)
  to   space 12288K, 0% used [0x00000000e8b80000,0x00000000e8b80000,0x00000000e9780000)
 ParOldGen       total 38400K, used 16209K [0x00000000a0000000, 0x00000000a2580000, 0x00000000e0000000)
  object space 38400K, 42% used [0x00000000a0000000,0x00000000a0fd4680,0x00000000a2580000)
 Metaspace       used 34596K, capacity 35362K, committed 35456K, reserved 1079296K
  class space    used 4742K, capacity 4956K, committed 4992K, reserved 1048576K
Event: 32.404 GC heap after
Heap after GC invocations=12 (full 2):
 PSYoungGen      total 155648K, used 0K [0x00000000e0000000, 0x00000000ec900000, 0x0000000100000000)
  eden space 142848K, 0% used [0x00000000e0000000,0x00000000e0000000,0x00000000e8b80000)
  from space 12800K, 0% used [0x00000000e9780000,0x00000000e9780000,0x00000000ea400000)
  to   space 12288K, 0% used [0x00000000e8b80000,0x00000000e8b80000,0x00000000e9780000)
 ParOldGen       total 50176K, used 15339K [0x00000000a0000000, 0x00000000a3100000, 0x00000000e0000000)
  object space 50176K, 30% used [0x00000000a0000000,0x00000000a0efacc0,0x00000000a3100000)
 Metaspace       used 34591K, capacity 35344K, committed 35456K, reserved 1079296K
  class space    used 4740K, capacity 4953K, committed 4992K, reserved 1048576K
}
Event: 55.241 GC heap before
{Heap before GC invocations=13 (full 2):
 PSYoungGen      total 155648K, used 142848K [0x00000000e0000000, 0x00000000ec900000, 0x0000000100000000)
  eden space 142848K, 100% used [0x00000000e0000000,0x00000000e8b80000,0x00000000e8b80000)
  from space 12800K, 0% used [0x00000000e9780000,0x00000000e9780000,0x00000000ea400000)
  to   space 12288K, 0% used [0x00000000e8b80000,0x00000000e8b80000,0x00000000e9780000)
 ParOldGen       total 50176K, used 15339K [0x00000000a0000000, 0x00000000a3100000, 0x00000000e0000000)
  object space 50176K, 30% used [0x00000000a0000000,0x00000000a0efacc0,0x00000000a3100000)
 Metaspace       used 47813K, capacity 48974K, committed 49280K, reserved 1091584K
  class space    used 6382K, capacity 6704K, committed 6784K, reserved 1048576K
Event: 55.282 GC heap after
Heap after GC invocations=13 (full 2):
 PSYoungGen      total 155136K, used 12265K [0x00000000e0000000, 0x00000000edb00000, 0x0000000100000000)
  eden space 142848K, 0% used [0x00000000e0000000,0x00000000e0000000,0x00000000e8b80000)
  from space 12288K, 99% used [0x00000000e8b80000,0x00000000e977a6e0,0x00000000e9780000)
  to   space 15872K, 0% used [0x00000000ecb80000,0x00000000ecb80000,0x00000000edb00000)
 ParOldGen       total 50176K, used 20892K [0x00000000a0000000, 0x00000000a3100000, 0x00000000e0000000)
  object space 50176K, 41% used [0x00000000a0000000,0x00000000a14670d0,0x00000000a3100000)
 Metaspace       used 47813K, capacity 48974K, committed 49280K, reserved 1091584K
  class space    used 6382K, capacity 6704K, committed 6784K, reserved 1048576K
}

