# JRE version: OpenJDK Runtime Environment (8.0_212-b04) (build 1.8.0_212-release-1586-b04)
# Java VM: OpenJDK 64-Bit Server VM (25.212-b04 mixed mode windows-amd64 compressed oops)
Heap:
 PSYoungGen      total 478720K, used 74636K [0x00000000e0000000, 0x0000000100000000, 0x0000000100000000)
  eden space 441344K, 10% used [0x00000000e0000000,0x00000000e2de76d8,0x00000000faf00000)
  from space 37376K, 73% used [0x00000000fd780000,0x00000000ff27baa0,0x00000000ffc00000)
  to   space 41472K, 0% used [0x00000000faf00000,0x00000000faf00000,0x00000000fd780000)
 ParOldGen       total 218624K, used 145531K [0x00000000a0000000, 0x00000000ad580000, 0x00000000e0000000)
  object space 218624K, 66% used [0x00000000a0000000,0x00000000a8e1ede0,0x00000000ad580000)
 Metaspace       used 96387K, capacity 101240K, committed 101376K, reserved 1136640K
  class space    used 12499K, capacity 13458K, committed 13568K, reserved 1048576K
GC Heap History (10 events):
Event: 1039.760 GC heap before
{Heap before GC invocations=35 (full 5):
 PSYoungGen      total 474112K, used 4192K [0x00000000e0000000, 0x00000000ffa00000, 0x0000000100000000)
  eden space 429568K, 0% used [0x00000000e0000000,0x00000000e0000000,0x00000000fa380000)
  from space 44544K, 9% used [0x00000000fce80000,0x00000000fd298000,0x00000000ffa00000)
  to   space 44032K, 0% used [0x00000000fa380000,0x00000000fa380000,0x00000000fce80000)
 ParOldGen       total 183296K, used 163094K [0x00000000a0000000, 0x00000000ab300000, 0x00000000e0000000)
  object space 183296K, 88% used [0x00000000a0000000,0x00000000a9f45808,0x00000000ab300000)
 Metaspace       used 91636K, capacity 95586K, committed 96256K, reserved 1132544K
  class space    used 12039K, capacity 12868K, committed 13056K, reserved 1048576K
Event: 1042.890 GC heap after
Heap after GC invocations=35 (full 5):
 PSYoungGen      total 474112K, used 0K [0x00000000e0000000, 0x00000000ffa00000, 0x0000000100000000)
  eden space 429568K, 0% used [0x00000000e0000000,0x00000000e0000000,0x00000000fa380000)
  from space 44544K, 0% used [0x00000000fce80000,0x00000000fce80000,0x00000000ffa00000)
  to   space 44032K, 0% used [0x00000000fa380000,0x00000000fa380000,0x00000000fce80000)
 ParOldGen       total 218624K, used 133469K [0x00000000a0000000, 0x00000000ad580000, 0x00000000e0000000)
  object space 218624K, 61% used [0x00000000a0000000,0x00000000a8257460,0x00000000ad580000)
 Metaspace       used 91563K, capacity 95408K, committed 96256K, reserved 1132544K
  class space    used 12013K, capacity 12823K, committed 13056K, reserved 1048576K
}
Event: 1048.249 GC heap before
{Heap before GC invocations=36 (full 5):
 PSYoungGen      total 474112K, used 429568K [0x00000000e0000000, 0x00000000ffa00000, 0x0000000100000000)
  eden space 429568K, 100% used [0x00000000e0000000,0x00000000fa380000,0x00000000fa380000)
  from space 44544K, 0% used [0x00000000fce80000,0x00000000fce80000,0x00000000ffa00000)
  to   space 44032K, 0% used [0x00000000fa380000,0x00000000fa380000,0x00000000fce80000)
 ParOldGen       total 218624K, used 133469K [0x00000000a0000000, 0x00000000ad580000, 0x00000000e0000000)
  object space 218624K, 61% used [0x00000000a0000000,0x00000000a8257460,0x00000000ad580000)
 Metaspace       used 91586K, capacity 95408K, committed 96256K, reserved 1132544K
  class space    used 12019K, capacity 12823K, committed 13056K, reserved 1048576K
Event: 1048.577 GC heap after
Heap after GC invocations=36 (full 5):
 PSYoungGen      total 473600K, used 4960K [0x00000000e0000000, 0x00000000ffb80000, 0x0000000100000000)
  eden space 429568K, 0% used [0x00000000e0000000,0x00000000e0000000,0x00000000fa380000)
  from space 44032K, 11% used [0x00000000fa380000,0x00000000fa858000,0x00000000fce80000)
  to   space 41984K, 0% used [0x00000000fd280000,0x00000000fd280000,0x00000000ffb80000)
 ParOldGen       total 218624K, used 133469K [0x00000000a0000000, 0x00000000ad580000, 0x00000000e0000000)
  object space 218624K, 61% used [0x00000000a0000000,0x00000000a8257460,0x00000000ad580000)
 Metaspace       used 91586K, capacity 95408K, committed 96256K, reserved 1132544K
  class space    used 12019K, capacity 12823K, committed 13056K, reserved 1048576K
}
Event: 1054.090 GC heap before
{Heap before GC invocations=37 (full 5):
 PSYoungGen      total 473600K, used 434528K [0x00000000e0000000, 0x00000000ffb80000, 0x0000000100000000)
  eden space 429568K, 100% used [0x00000000e0000000,0x00000000fa380000,0x00000000fa380000)
  from space 44032K, 11% used [0x00000000fa380000,0x00000000fa858000,0x00000000fce80000)
  to   space 41984K, 0% used [0x00000000fd280000,0x00000000fd280000,0x00000000ffb80000)
 ParOldGen       total 218624K, used 133469K [0x00000000a0000000, 0x00000000ad580000, 0x00000000e0000000)
  object space 218624K, 61% used [0x00000000a0000000,0x00000000a8257460,0x00000000ad580000)
 Metaspace       used 92708K, capacity 96788K, committed 97280K, reserved 1134592K
  class space    used 12142K, capacity 12959K, committed 13056K, reserved 1048576K
Event: 1054.433 GC heap after
Heap after GC invocations=37 (full 5):
 PSYoungGen      total 477696K, used 9128K [0x00000000e0000000, 0x00000000ff900000, 0x0000000100000000)
  eden space 438272K, 0% used [0x00000000e0000000,0x00000000e0000000,0x00000000fac00000)
  from space 39424K, 23% used [0x00000000fd280000,0x00000000fdb6a2a0,0x00000000ff900000)
  to   space 39424K, 0% used [0x00000000fac00000,0x00000000fac00000,0x00000000fd280000)
 ParOldGen       total 218624K, used 137796K [0x00000000a0000000, 0x00000000ad580000, 0x00000000e0000000)
  object space 218624K, 63% used [0x00000000a0000000,0x00000000a8691160,0x00000000ad580000)
 Metaspace       used 92708K, capacity 96788K, committed 97280K, reserved 1134592K
  class space    used 12142K, capacity 12959K, committed 13056K, reserved 1048576K
}
Event: 2568.971 GC heap before
{Heap before GC invocations=38 (full 5):
 PSYoungGen      total 477696K, used 447400K [0x00000000e0000000, 0x00000000ff900000, 0x0000000100000000)
  eden space 438272K, 100% used [0x00000000e0000000,0x00000000fac00000,0x00000000fac00000)
  from space 39424K, 23% used [0x00000000fd280000,0x00000000fdb6a2a0,0x00000000ff900000)
  to   space 39424K, 0% used [0x00000000fac00000,0x00000000fac00000,0x00000000fd280000)
 ParOldGen       total 218624K, used 137796K [0x00000000a0000000, 0x00000000ad580000, 0x00000000e0000000)
  object space 218624K, 63% used [0x00000000a0000000,0x00000000a8691160,0x00000000ad580000)
 Metaspace       used 93148K, capacity 97326K, committed 97664K, reserved 1134592K
  class space    used 12192K, capacity 13058K, committed 13184K, reserved 1048576K
Event: 2569.367 GC heap after
Heap after GC invocations=38 (full 5):
 PSYoungGen      total 477696K, used 5054K [0x00000000e0000000, 0x00000000ffc00000, 0x0000000100000000)
  eden space 438272K, 0% used [0x00000000e0000000,0x00000000e0000000,0x00000000fac00000)
  from space 39424K, 12% used [0x00000000fac00000,0x00000000fb0efb80,0x00000000fd280000)
  to   space 37376K, 0% used [0x00000000fd780000,0x00000000fd780000,0x00000000ffc00000)
 ParOldGen       total 218624K, used 140765K [0x00000000a0000000, 0x00000000ad580000, 0x00000000e0000000)
  object space 218624K, 64% used [0x00000000a0000000,0x00000000a89776f0,0x00000000ad580000)
 Metaspace       used 93148K, capacity 97326K, committed 97664K, reserved 1134592K
  class space    used 12192K, capacity 13058K, committed 13184K, reserved 1048576K
}
Event: 3514.199 GC heap before
{Heap before GC invocations=39 (full 5):
 PSYoungGen      total 477696K, used 443326K [0x00000000e0000000, 0x00000000ffc00000, 0x0000000100000000)
  eden space 438272K, 100% used [0x00000000e0000000,0x00000000fac00000,0x00000000fac00000)
  from space 39424K, 12% used [0x00000000fac00000,0x00000000fb0efb80,0x00000000fd280000)
  to   space 37376K, 0% used [0x00000000fd780000,0x00000000fd780000,0x00000000ffc00000)
 ParOldGen       total 218624K, used 140765K [0x00000000a0000000, 0x00000000ad580000, 0x00000000e0000000)
  object space 218624K, 64% used [0x00000000a0000000,0x00000000a89776f0,0x00000000ad580000)
 Metaspace       used 96113K, capacity 100966K, committed 101120K, reserved 1136640K
  class space    used 12479K, capacity 13455K, committed 13568K, reserved 1048576K
Event: 3515.513 GC heap after
Heap after GC invocations=39 (full 5):
 PSYoungGen      total 478720K, used 27630K [0x00000000e0000000, 0x0000000100000000, 0x0000000100000000)
  eden space 441344K, 0% used [0x00000000e0000000,0x00000000e0000000,0x00000000faf00000)
  from space 37376K, 73% used [0x00000000fd780000,0x00000000ff27baa0,0x00000000ffc00000)
  to   space 41472K, 0% used [0x00000000faf00000,0x00000000faf00000,0x00000000fd780000)
 ParOldGen       total 218624K, used 145531K [0x00000000a0000000, 0x00000000ad580000, 0x00000000e0000000)
  object space 218624K, 66% used [0x00000000a0000000,0x00000000a8e1ede0,0x00000000ad580000)
 Metaspace       used 96113K, capacity 100966K, committed 101120K, reserved 1136640K
  class space    used 12479K, capacity 13455K, committed 13568K, reserved 1048576K
}

