# JRE version: OpenJDK Runtime Environment (8.0_212-b04) (build 1.8.0_212-release-1586-b04)
# Java VM: OpenJDK 64-Bit Server VM (25.212-b04 mixed mode windows-amd64 compressed oops)
Heap:
 PSYoungGen      total 401408K, used 287295K [0x00000000e0000000, 0x00000000fe280000, 0x0000000100000000)
  eden space 346624K, 70% used [0x00000000e0000000,0x00000000eeea5620,0x00000000f5280000)
  from space 54784K, 78% used [0x00000000f5280000,0x00000000f7cc2d50,0x00000000f8800000)
  to   space 57856K, 0% used [0x00000000faa00000,0x00000000faa00000,0x00000000fe280000)
 ParOldGen       total 190976K, used 109905K [0x00000000a0000000, 0x00000000aba80000, 0x00000000e0000000)
  object space 190976K, 57% used [0x00000000a0000000,0x00000000a6b54660,0x00000000aba80000)
 Metaspace       used 76693K, capacity 79924K, committed 82776K, reserved 1120256K
  class space    used 10156K, capacity 10770K, committed 11352K, reserved 1048576K
GC Heap History (10 events):
Event: 276.668 GC heap before
{Heap before GC invocations=36 (full 5):
 PSYoungGen      total 372224K, used 338471K [0x00000000e0000000, 0x00000000fbb00000, 0x0000000100000000)
  eden space 315904K, 100% used [0x00000000e0000000,0x00000000f3480000,0x00000000f3480000)
  from space 56320K, 40% used [0x00000000f6780000,0x00000000f7d89f98,0x00000000f9e80000)
  to   space 52224K, 0% used [0x00000000f3480000,0x00000000f3480000,0x00000000f6780000)
 ParOldGen       total 190976K, used 109897K [0x00000000a0000000, 0x00000000aba80000, 0x00000000e0000000)
  object space 190976K, 57% used [0x00000000a0000000,0x00000000a6b52660,0x00000000aba80000)
 Metaspace       used 76583K, capacity 79716K, committed 82520K, reserved 1120256K
  class space    used 10149K, capacity 10768K, committed 11352K, reserved 1048576K
Event: 276.706 GC heap after
Heap after GC invocations=36 (full 5):
 PSYoungGen      total 368128K, used 25904K [0x00000000e0000000, 0x00000000fb900000, 0x0000000100000000)
  eden space 315904K, 0% used [0x00000000e0000000,0x00000000e0000000,0x00000000f3480000)
  from space 52224K, 49% used [0x00000000f3480000,0x00000000f4dcc2f8,0x00000000f6780000)
  to   space 50176K, 0% used [0x00000000f8800000,0x00000000f8800000,0x00000000fb900000)
 ParOldGen       total 190976K, used 109897K [0x00000000a0000000, 0x00000000aba80000, 0x00000000e0000000)
  object space 190976K, 57% used [0x00000000a0000000,0x00000000a6b52660,0x00000000aba80000)
 Metaspace       used 76583K, capacity 79716K, committed 82520K, reserved 1120256K
  class space    used 10149K, capacity 10768K, committed 11352K, reserved 1048576K
}
Event: 277.878 GC heap before
{Heap before GC invocations=37 (full 5):
 PSYoungGen      total 368128K, used 341808K [0x00000000e0000000, 0x00000000fb900000, 0x0000000100000000)
  eden space 315904K, 100% used [0x00000000e0000000,0x00000000f3480000,0x00000000f3480000)
  from space 52224K, 49% used [0x00000000f3480000,0x00000000f4dcc2f8,0x00000000f6780000)
  to   space 50176K, 0% used [0x00000000f8800000,0x00000000f8800000,0x00000000fb900000)
 ParOldGen       total 190976K, used 109897K [0x00000000a0000000, 0x00000000aba80000, 0x00000000e0000000)
  object space 190976K, 57% used [0x00000000a0000000,0x00000000a6b52660,0x00000000aba80000)
 Metaspace       used 76597K, capacity 79784K, committed 82520K, reserved 1120256K
  class space    used 10149K, capacity 10768K, committed 11352K, reserved 1048576K
Event: 278.168 GC heap after
Heap after GC invocations=37 (full 5):
 PSYoungGen      total 399872K, used 35724K [0x00000000e0000000, 0x00000000fc000000, 0x0000000100000000)
  eden space 349696K, 0% used [0x00000000e0000000,0x00000000e0000000,0x00000000f5580000)
  from space 50176K, 71% used [0x00000000f8800000,0x00000000faae33a0,0x00000000fb900000)
  to   space 51712K, 0% used [0x00000000f5580000,0x00000000f5580000,0x00000000f8800000)
 ParOldGen       total 190976K, used 109905K [0x00000000a0000000, 0x00000000aba80000, 0x00000000e0000000)
  object space 190976K, 57% used [0x00000000a0000000,0x00000000a6b54660,0x00000000aba80000)
 Metaspace       used 76597K, capacity 79784K, committed 82520K, reserved 1120256K
  class space    used 10149K, capacity 10768K, committed 11352K, reserved 1048576K
}
Event: 281.012 GC heap before
{Heap before GC invocations=38 (full 5):
 PSYoungGen      total 399872K, used 385420K [0x00000000e0000000, 0x00000000fc000000, 0x0000000100000000)
  eden space 349696K, 100% used [0x00000000e0000000,0x00000000f5580000,0x00000000f5580000)
  from space 50176K, 71% used [0x00000000f8800000,0x00000000faae33a0,0x00000000fb900000)
  to   space 51712K, 0% used [0x00000000f5580000,0x00000000f5580000,0x00000000f8800000)
 ParOldGen       total 190976K, used 109905K [0x00000000a0000000, 0x00000000aba80000, 0x00000000e0000000)
  object space 190976K, 57% used [0x00000000a0000000,0x00000000a6b54660,0x00000000aba80000)
 Metaspace       used 76613K, capacity 79848K, committed 82776K, reserved 1120256K
  class space    used 10150K, capacity 10768K, committed 11352K, reserved 1048576K
Event: 281.476 GC heap after
Heap after GC invocations=38 (full 5):
 PSYoungGen      total 401408K, used 38536K [0x00000000e0000000, 0x00000000fc000000, 0x0000000100000000)
  eden space 349696K, 0% used [0x00000000e0000000,0x00000000e0000000,0x00000000f5580000)
  from space 51712K, 74% used [0x00000000f5580000,0x00000000f7b223b8,0x00000000f8800000)
  to   space 50176K, 0% used [0x00000000f8800000,0x00000000f8800000,0x00000000fb900000)
 ParOldGen       total 190976K, used 109905K [0x00000000a0000000, 0x00000000aba80000, 0x00000000e0000000)
  object space 190976K, 57% used [0x00000000a0000000,0x00000000a6b54660,0x00000000aba80000)
 Metaspace       used 76613K, capacity 79848K, committed 82776K, reserved 1120256K
  class space    used 10150K, capacity 10768K, committed 11352K, reserved 1048576K
}
Event: 283.412 GC heap before
{Heap before GC invocations=39 (full 5):
 PSYoungGen      total 401408K, used 388232K [0x00000000e0000000, 0x00000000fc000000, 0x0000000100000000)
  eden space 349696K, 100% used [0x00000000e0000000,0x00000000f5580000,0x00000000f5580000)
  from space 51712K, 74% used [0x00000000f5580000,0x00000000f7b223b8,0x00000000f8800000)
  to   space 50176K, 0% used [0x00000000f8800000,0x00000000f8800000,0x00000000fb900000)
 ParOldGen       total 190976K, used 109905K [0x00000000a0000000, 0x00000000aba80000, 0x00000000e0000000)
  object space 190976K, 57% used [0x00000000a0000000,0x00000000a6b54660,0x00000000aba80000)
 Metaspace       used 76674K, capacity 79856K, committed 82776K, reserved 1120256K
  class space    used 10156K, capacity 10770K, committed 11352K, reserved 1048576K
Event: 283.576 GC heap after
Heap after GC invocations=39 (full 5):
 PSYoungGen      total 396800K, used 36548K [0x00000000e0000000, 0x00000000fe180000, 0x0000000100000000)
  eden space 346624K, 0% used [0x00000000e0000000,0x00000000e0000000,0x00000000f5280000)
  from space 50176K, 72% used [0x00000000f8800000,0x00000000fabb1310,0x00000000fb900000)
  to   space 54784K, 0% used [0x00000000f5280000,0x00000000f5280000,0x00000000f8800000)
 ParOldGen       total 190976K, used 109905K [0x00000000a0000000, 0x00000000aba80000, 0x00000000e0000000)
  object space 190976K, 57% used [0x00000000a0000000,0x00000000a6b54660,0x00000000aba80000)
 Metaspace       used 76674K, capacity 79856K, committed 82776K, reserved 1120256K
  class space    used 10156K, capacity 10770K, committed 11352K, reserved 1048576K
}
Event: 284.969 GC heap before
{Heap before GC invocations=40 (full 5):
 PSYoungGen      total 396800K, used 383172K [0x00000000e0000000, 0x00000000fe180000, 0x0000000100000000)
  eden space 346624K, 100% used [0x00000000e0000000,0x00000000f5280000,0x00000000f5280000)
  from space 50176K, 72% used [0x00000000f8800000,0x00000000fabb1310,0x00000000fb900000)
  to   space 54784K, 0% used [0x00000000f5280000,0x00000000f5280000,0x00000000f8800000)
 ParOldGen       total 190976K, used 109905K [0x00000000a0000000, 0x00000000aba80000, 0x00000000e0000000)
  object space 190976K, 57% used [0x00000000a0000000,0x00000000a6b54660,0x00000000aba80000)
 Metaspace       used 76687K, capacity 79920K, committed 82776K, reserved 1120256K
  class space    used 10156K, capacity 10770K, committed 11352K, reserved 1048576K
Event: 285.045 GC heap after
Heap after GC invocations=40 (full 5):
 PSYoungGen      total 401408K, used 43275K [0x00000000e0000000, 0x00000000fe280000, 0x0000000100000000)
  eden space 346624K, 0% used [0x00000000e0000000,0x00000000e0000000,0x00000000f5280000)
  from space 54784K, 78% used [0x00000000f5280000,0x00000000f7cc2d50,0x00000000f8800000)
  to   space 57856K, 0% used [0x00000000faa00000,0x00000000faa00000,0x00000000fe280000)
 ParOldGen       total 190976K, used 109905K [0x00000000a0000000, 0x00000000aba80000, 0x00000000e0000000)
  object space 190976K, 57% used [0x00000000a0000000,0x00000000a6b54660,0x00000000aba80000)
 Metaspace       used 76687K, capacity 79920K, committed 82776K, reserved 1120256K
  class space    used 10156K, capacity 10770K, committed 11352K, reserved 1048576K
}

