# JRE version: OpenJDK Runtime Environment (8.0_212-b04) (build 1.8.0_212-release-1586-b04)
# Java VM: OpenJDK 64-Bit Server VM (25.212-b04 mixed mode windows-amd64 compressed oops)
Heap:
 PSYoungGen      total 342016K, used 68182K [0x00000000e0000000, 0x00000000f8f80000, 0x0000000100000000)
  eden space 284160K, 22% used [0x00000000e0000000,0x00000000e3ead920,0x00000000f1580000)
  from space 57856K, 6% used [0x00000000f5700000,0x00000000f5ae8000,0x00000000f8f80000)
  to   space 62464K, 0% used [0x00000000f1580000,0x00000000f1580000,0x00000000f5280000)
 ParOldGen       total 229376K, used 147188K [0x00000000a0000000, 0x00000000ae000000, 0x00000000e0000000)
  object space 229376K, 64% used [0x00000000a0000000,0x00000000a8fbd0c8,0x00000000ae000000)
 Metaspace       used 89573K, capacity 93700K, committed 94104K, reserved 1130496K
  class space    used 11733K, capacity 12589K, committed 12696K, reserved 1048576K
GC Heap History (10 events):
Event: 1369.033 GC heap before
{Heap before GC invocations=38 (full 5):
 PSYoungGen      total 270848K, used 39170K [0x00000000e0000000, 0x00000000f7580000, 0x0000000100000000)
  eden space 207872K, 0% used [0x00000000e0000000,0x00000000e0000000,0x00000000ecb00000)
  from space 62976K, 62% used [0x00000000ecb00000,0x00000000ef140b70,0x00000000f0880000)
  to   space 64512K, 0% used [0x00000000f3680000,0x00000000f3680000,0x00000000f7580000)
 ParOldGen       total 139776K, used 120062K [0x00000000a0000000, 0x00000000a8880000, 0x00000000e0000000)
  object space 139776K, 85% used [0x00000000a0000000,0x00000000a753fb98,0x00000000a8880000)
 Metaspace       used 89268K, capacity 93492K, committed 93592K, reserved 1130496K
  class space    used 11734K, capacity 12627K, committed 12696K, reserved 1048576K
Event: 1371.880 GC heap after
Heap after GC invocations=38 (full 5):
 PSYoungGen      total 270848K, used 0K [0x00000000e0000000, 0x00000000f7580000, 0x0000000100000000)
  eden space 207872K, 0% used [0x00000000e0000000,0x00000000e0000000,0x00000000ecb00000)
  from space 62976K, 0% used [0x00000000ecb00000,0x00000000ecb00000,0x00000000f0880000)
  to   space 64512K, 0% used [0x00000000f3680000,0x00000000f3680000,0x00000000f7580000)
 ParOldGen       total 229376K, used 137186K [0x00000000a0000000, 0x00000000ae000000, 0x00000000e0000000)
  object space 229376K, 59% used [0x00000000a0000000,0x00000000a85f89f0,0x00000000ae000000)
 Metaspace       used 89132K, capacity 93140K, committed 93592K, reserved 1130496K
  class space    used 11686K, capacity 12541K, committed 12696K, reserved 1048576K
}
Event: 1375.345 GC heap before
{Heap before GC invocations=39 (full 5):
 PSYoungGen      total 270848K, used 207872K [0x00000000e0000000, 0x00000000f7580000, 0x0000000100000000)
  eden space 207872K, 100% used [0x00000000e0000000,0x00000000ecb00000,0x00000000ecb00000)
  from space 62976K, 0% used [0x00000000ecb00000,0x00000000ecb00000,0x00000000f0880000)
  to   space 64512K, 0% used [0x00000000f3680000,0x00000000f3680000,0x00000000f7580000)
 ParOldGen       total 229376K, used 137186K [0x00000000a0000000, 0x00000000ae000000, 0x00000000e0000000)
  object space 229376K, 59% used [0x00000000a0000000,0x00000000a85f89f0,0x00000000ae000000)
 Metaspace       used 89213K, capacity 93294K, committed 93848K, reserved 1130496K
  class space    used 11689K, capacity 12546K, committed 12696K, reserved 1048576K
Event: 1375.613 GC heap after
Heap after GC invocations=39 (full 5):
 PSYoungGen      total 302592K, used 2549K [0x00000000e0000000, 0x00000000f6e00000, 0x0000000100000000)
  eden space 245760K, 0% used [0x00000000e0000000,0x00000000e0000000,0x00000000ef000000)
  from space 56832K, 4% used [0x00000000f3680000,0x00000000f38fd6b8,0x00000000f6e00000)
  to   space 64512K, 0% used [0x00000000ef000000,0x00000000ef000000,0x00000000f2f00000)
 ParOldGen       total 229376K, used 137186K [0x00000000a0000000, 0x00000000ae000000, 0x00000000e0000000)
  object space 229376K, 59% used [0x00000000a0000000,0x00000000a85f89f0,0x00000000ae000000)
 Metaspace       used 89213K, capacity 93294K, committed 93848K, reserved 1130496K
  class space    used 11689K, capacity 12546K, committed 12696K, reserved 1048576K
}
Event: 1376.981 GC heap before
{Heap before GC invocations=40 (full 5):
 PSYoungGen      total 302592K, used 248309K [0x00000000e0000000, 0x00000000f6e00000, 0x0000000100000000)
  eden space 245760K, 100% used [0x00000000e0000000,0x00000000ef000000,0x00000000ef000000)
  from space 56832K, 4% used [0x00000000f3680000,0x00000000f38fd6b8,0x00000000f6e00000)
  to   space 64512K, 0% used [0x00000000ef000000,0x00000000ef000000,0x00000000f2f00000)
 ParOldGen       total 229376K, used 137186K [0x00000000a0000000, 0x00000000ae000000, 0x00000000e0000000)
  object space 229376K, 59% used [0x00000000a0000000,0x00000000a85f89f0,0x00000000ae000000)
 Metaspace       used 89345K, capacity 93454K, committed 93848K, reserved 1130496K
  class space    used 11707K, capacity 12554K, committed 12696K, reserved 1048576K
Event: 1377.011 GC heap after
Heap after GC invocations=40 (full 5):
 PSYoungGen      total 310272K, used 4725K [0x00000000e0000000, 0x00000000f9500000, 0x0000000100000000)
  eden space 245760K, 0% used [0x00000000e0000000,0x00000000e0000000,0x00000000ef000000)
  from space 64512K, 7% used [0x00000000ef000000,0x00000000ef49d6b8,0x00000000f2f00000)
  to   space 63488K, 0% used [0x00000000f5700000,0x00000000f5700000,0x00000000f9500000)
 ParOldGen       total 229376K, used 137186K [0x00000000a0000000, 0x00000000ae000000, 0x00000000e0000000)
  object space 229376K, 59% used [0x00000000a0000000,0x00000000a85f89f0,0x00000000ae000000)
 Metaspace       used 89345K, capacity 93454K, committed 93848K, reserved 1130496K
  class space    used 11707K, capacity 12554K, committed 12696K, reserved 1048576K
}
Event: 1378.770 GC heap before
{Heap before GC invocations=41 (full 5):
 PSYoungGen      total 310272K, used 250485K [0x00000000e0000000, 0x00000000f9500000, 0x0000000100000000)
  eden space 245760K, 100% used [0x00000000e0000000,0x00000000ef000000,0x00000000ef000000)
  from space 64512K, 7% used [0x00000000ef000000,0x00000000ef49d6b8,0x00000000f2f00000)
  to   space 63488K, 0% used [0x00000000f5700000,0x00000000f5700000,0x00000000f9500000)
 ParOldGen       total 229376K, used 137186K [0x00000000a0000000, 0x00000000ae000000, 0x00000000e0000000)
  object space 229376K, 59% used [0x00000000a0000000,0x00000000a85f89f0,0x00000000ae000000)
 Metaspace       used 89499K, capacity 93630K, committed 94104K, reserved 1130496K
  class space    used 11728K, capacity 12588K, committed 12696K, reserved 1048576K
Event: 1378.789 GC heap after
Heap after GC invocations=41 (full 5):
 PSYoungGen      total 342016K, used 2912K [0x00000000e0000000, 0x00000000f8f80000, 0x0000000100000000)
  eden space 284160K, 0% used [0x00000000e0000000,0x00000000e0000000,0x00000000f1580000)
  from space 57856K, 5% used [0x00000000f5700000,0x00000000f59d8000,0x00000000f8f80000)
  to   space 62464K, 0% used [0x00000000f1580000,0x00000000f1580000,0x00000000f5280000)
 ParOldGen       total 229376K, used 141748K [0x00000000a0000000, 0x00000000ae000000, 0x00000000e0000000)
  object space 229376K, 61% used [0x00000000a0000000,0x00000000a8a6d0b8,0x00000000ae000000)
 Metaspace       used 89499K, capacity 93630K, committed 94104K, reserved 1130496K
  class space    used 11728K, capacity 12588K, committed 12696K, reserved 1048576K
}
Event: 1381.086 GC heap before
{Heap before GC invocations=42 (full 5):
 PSYoungGen      total 342016K, used 287072K [0x00000000e0000000, 0x00000000f8f80000, 0x0000000100000000)
  eden space 284160K, 100% used [0x00000000e0000000,0x00000000f1580000,0x00000000f1580000)
  from space 57856K, 5% used [0x00000000f5700000,0x00000000f59d8000,0x00000000f8f80000)
  to   space 62464K, 0% used [0x00000000f1580000,0x00000000f1580000,0x00000000f5280000)
 ParOldGen       total 229376K, used 141748K [0x00000000a0000000, 0x00000000ae000000, 0x00000000e0000000)
  object space 229376K, 61% used [0x00000000a0000000,0x00000000a8a6d0b8,0x00000000ae000000)
 Metaspace       used 89543K, capacity 93630K, committed 94104K, reserved 1130496K
  class space    used 11732K, capacity 12588K, committed 12696K, reserved 1048576K
Event: 1381.231 GC heap after
Heap after GC invocations=42 (full 5):
 PSYoungGen      total 346624K, used 3648K [0x00000000e0000000, 0x00000000f8f80000, 0x0000000100000000)
  eden space 284160K, 0% used [0x00000000e0000000,0x00000000e0000000,0x00000000f1580000)
  from space 62464K, 5% used [0x00000000f1580000,0x00000000f1910000,0x00000000f5280000)
  to   space 57856K, 0% used [0x00000000f5700000,0x00000000f5700000,0x00000000f8f80000)
 ParOldGen       total 229376K, used 144444K [0x00000000a0000000, 0x00000000ae000000, 0x00000000e0000000)
  object space 229376K, 62% used [0x00000000a0000000,0x00000000a8d0f0c8,0x00000000ae000000)
 Metaspace       used 89543K, capacity 93630K, committed 94104K, reserved 1130496K
  class space    used 11732K, capacity 12588K, committed 12696K, reserved 1048576K
}

