# JRE version: OpenJDK Runtime Environment (8.0_212-b04) (build 1.8.0_212-release-1586-b04)
# Java VM: OpenJDK 64-Bit Server VM (25.212-b04 mixed mode windows-amd64 compressed oops)
Heap:
 PSYoungGen      total 312320K, used 261857K [0x00000000e0000000, 0x00000000f6600000, 0x0000000100000000)
  eden space 280064K, 81% used [0x00000000e0000000,0x00000000ee03d818,0x00000000f1180000)
  from space 32256K, 99% used [0x00000000f3780000,0x00000000f56fae08,0x00000000f5700000)
  to   space 38912K, 0% used [0x00000000f1180000,0x00000000f1180000,0x00000000f3780000)
 ParOldGen       total 95232K, used 68561K [0x00000000a0000000, 0x00000000a5d00000, 0x00000000e0000000)
  object space 95232K, 71% used [0x00000000a0000000,0x00000000a42f4440,0x00000000a5d00000)
 Metaspace       used 86488K, capacity 91262K, committed 91520K, reserved 1128448K
  class space    used 11540K, capacity 12397K, committed 12416K, reserved 1048576K
GC Heap History (10 events):
Event: 38.832 GC heap before
{Heap before GC invocations=17 (full 3):
 PSYoungGen      total 211456K, used 204785K [0x00000000e0000000, 0x00000000f0780000, 0x0000000100000000)
  eden space 189440K, 100% used [0x00000000e0000000,0x00000000eb900000,0x00000000eb900000)
  from space 22016K, 69% used [0x00000000eb900000,0x00000000ec7fc5b8,0x00000000ece80000)
  to   space 23040K, 0% used [0x00000000ef100000,0x00000000ef100000,0x00000000f0780000)
 ParOldGen       total 95232K, used 41242K [0x00000000a0000000, 0x00000000a5d00000, 0x00000000e0000000)
  object space 95232K, 43% used [0x00000000a0000000,0x00000000a2846b58,0x00000000a5d00000)
 Metaspace       used 64685K, capacity 67600K, committed 67712K, reserved 1107968K
  class space    used 8736K, capacity 9308K, committed 9344K, reserved 1048576K
Event: 38.864 GC heap after
Heap after GC invocations=17 (full 3):
 PSYoungGen      total 244736K, used 18660K [0x00000000e0000000, 0x00000000f0980000, 0x0000000100000000)
  eden space 221696K, 0% used [0x00000000e0000000,0x00000000e0000000,0x00000000ed880000)
  from space 23040K, 80% used [0x00000000ef100000,0x00000000f0339270,0x00000000f0780000)
  to   space 25088K, 0% used [0x00000000ed880000,0x00000000ed880000,0x00000000ef100000)
 ParOldGen       total 95232K, used 41250K [0x00000000a0000000, 0x00000000a5d00000, 0x00000000e0000000)
  object space 95232K, 43% used [0x00000000a0000000,0x00000000a2848b58,0x00000000a5d00000)
 Metaspace       used 64685K, capacity 67600K, committed 67712K, reserved 1107968K
  class space    used 8736K, capacity 9308K, committed 9344K, reserved 1048576K
}
Event: 76.243 GC heap before
{Heap before GC invocations=18 (full 3):
 PSYoungGen      total 244736K, used 240356K [0x00000000e0000000, 0x00000000f0980000, 0x0000000100000000)
  eden space 221696K, 100% used [0x00000000e0000000,0x00000000ed880000,0x00000000ed880000)
  from space 23040K, 80% used [0x00000000ef100000,0x00000000f0339270,0x00000000f0780000)
  to   space 25088K, 0% used [0x00000000ed880000,0x00000000ed880000,0x00000000ef100000)
 ParOldGen       total 95232K, used 41250K [0x00000000a0000000, 0x00000000a5d00000, 0x00000000e0000000)
  object space 95232K, 43% used [0x00000000a0000000,0x00000000a2848b58,0x00000000a5d00000)
 Metaspace       used 69701K, capacity 72778K, committed 72960K, reserved 1112064K
  class space    used 9309K, capacity 9929K, committed 9984K, reserved 1048576K
Event: 76.609 GC heap after
Heap after GC invocations=18 (full 3):
 PSYoungGen      total 246784K, used 25075K [0x00000000e0000000, 0x00000000f3900000, 0x0000000100000000)
  eden space 221696K, 0% used [0x00000000e0000000,0x00000000e0000000,0x00000000ed880000)
  from space 25088K, 99% used [0x00000000ed880000,0x00000000ef0fcd58,0x00000000ef100000)
  to   space 31744K, 0% used [0x00000000f1a00000,0x00000000f1a00000,0x00000000f3900000)
 ParOldGen       total 95232K, used 48231K [0x00000000a0000000, 0x00000000a5d00000, 0x00000000e0000000)
  object space 95232K, 50% used [0x00000000a0000000,0x00000000a2f19d48,0x00000000a5d00000)
 Metaspace       used 69701K, capacity 72778K, committed 72960K, reserved 1112064K
  class space    used 9309K, capacity 9929K, committed 9984K, reserved 1048576K
}
Event: 79.590 GC heap before
{Heap before GC invocations=19 (full 3):
 PSYoungGen      total 246784K, used 246771K [0x00000000e0000000, 0x00000000f3900000, 0x0000000100000000)
  eden space 221696K, 100% used [0x00000000e0000000,0x00000000ed880000,0x00000000ed880000)
  from space 25088K, 99% used [0x00000000ed880000,0x00000000ef0fcd58,0x00000000ef100000)
  to   space 31744K, 0% used [0x00000000f1a00000,0x00000000f1a00000,0x00000000f3900000)
 ParOldGen       total 95232K, used 48235K [0x00000000a0000000, 0x00000000a5d00000, 0x00000000e0000000)
  object space 95232K, 50% used [0x00000000a0000000,0x00000000a2f1ad58,0x00000000a5d00000)
 Metaspace       used 70609K, capacity 73682K, committed 73856K, reserved 1114112K
  class space    used 9410K, capacity 9995K, committed 10112K, reserved 1048576K
Event: 79.626 GC heap after
Heap after GC invocations=19 (full 3):
 PSYoungGen      total 289792K, used 12639K [0x00000000e0000000, 0x00000000f3800000, 0x0000000100000000)
  eden space 259072K, 0% used [0x00000000e0000000,0x00000000e0000000,0x00000000efd00000)
  from space 30720K, 41% used [0x00000000f1a00000,0x00000000f2657ff8,0x00000000f3800000)
  to   space 29696K, 0% used [0x00000000efd00000,0x00000000efd00000,0x00000000f1a00000)
 ParOldGen       total 95232K, used 63408K [0x00000000a0000000, 0x00000000a5d00000, 0x00000000e0000000)
  object space 95232K, 66% used [0x00000000a0000000,0x00000000a3dec0a0,0x00000000a5d00000)
 Metaspace       used 70609K, capacity 73682K, committed 73856K, reserved 1114112K
  class space    used 9410K, capacity 9995K, committed 10112K, reserved 1048576K
}
Event: 90.640 GC heap before
{Heap before GC invocations=20 (full 3):
 PSYoungGen      total 289792K, used 271711K [0x00000000e0000000, 0x00000000f3800000, 0x0000000100000000)
  eden space 259072K, 100% used [0x00000000e0000000,0x00000000efd00000,0x00000000efd00000)
  from space 30720K, 41% used [0x00000000f1a00000,0x00000000f2657ff8,0x00000000f3800000)
  to   space 29696K, 0% used [0x00000000efd00000,0x00000000efd00000,0x00000000f1a00000)
 ParOldGen       total 95232K, used 63416K [0x00000000a0000000, 0x00000000a5d00000, 0x00000000e0000000)
  object space 95232K, 66% used [0x00000000a0000000,0x00000000a3dee138,0x00000000a5d00000)
 Metaspace       used 75616K, capacity 78752K, committed 78976K, reserved 1118208K
  class space    used 10007K, capacity 10616K, committed 10624K, reserved 1048576K
Event: 90.691 GC heap after
Heap after GC invocations=20 (full 3):
 PSYoungGen      total 288768K, used 23721K [0x00000000e0000000, 0x00000000f5700000, 0x0000000100000000)
  eden space 259072K, 0% used [0x00000000e0000000,0x00000000e0000000,0x00000000efd00000)
  from space 29696K, 79% used [0x00000000efd00000,0x00000000f142a710,0x00000000f1a00000)
  to   space 32256K, 0% used [0x00000000f3780000,0x00000000f3780000,0x00000000f5700000)
 ParOldGen       total 95232K, used 63424K [0x00000000a0000000, 0x00000000a5d00000, 0x00000000e0000000)
  object space 95232K, 66% used [0x00000000a0000000,0x00000000a3df0138,0x00000000a5d00000)
 Metaspace       used 75616K, capacity 78752K, committed 78976K, reserved 1118208K
  class space    used 10007K, capacity 10616K, committed 10624K, reserved 1048576K
}
Event: 95.812 GC heap before
{Heap before GC invocations=21 (full 3):
 PSYoungGen      total 288768K, used 282793K [0x00000000e0000000, 0x00000000f5700000, 0x0000000100000000)
  eden space 259072K, 100% used [0x00000000e0000000,0x00000000efd00000,0x00000000efd00000)
  from space 29696K, 79% used [0x00000000efd00000,0x00000000f142a710,0x00000000f1a00000)
  to   space 32256K, 0% used [0x00000000f3780000,0x00000000f3780000,0x00000000f5700000)
 ParOldGen       total 95232K, used 63435K [0x00000000a0000000, 0x00000000a5d00000, 0x00000000e0000000)
  object space 95232K, 66% used [0x00000000a0000000,0x00000000a3df2c60,0x00000000a5d00000)
 Metaspace       used 84900K, capacity 89604K, committed 89856K, reserved 1126400K
  class space    used 11353K, capacity 12224K, committed 12288K, reserved 1048576K
Event: 95.866 GC heap after
Heap after GC invocations=21 (full 3):
 PSYoungGen      total 312320K, used 32235K [0x00000000e0000000, 0x00000000f6600000, 0x0000000100000000)
  eden space 280064K, 0% used [0x00000000e0000000,0x00000000e0000000,0x00000000f1180000)
  from space 32256K, 99% used [0x00000000f3780000,0x00000000f56fae08,0x00000000f5700000)
  to   space 38912K, 0% used [0x00000000f1180000,0x00000000f1180000,0x00000000f3780000)
 ParOldGen       total 95232K, used 68561K [0x00000000a0000000, 0x00000000a5d00000, 0x00000000e0000000)
  object space 95232K, 71% used [0x00000000a0000000,0x00000000a42f4440,0x00000000a5d00000)
 Metaspace       used 84900K, capacity 89604K, committed 89856K, reserved 1126400K
  class space    used 11353K, capacity 12224K, committed 12288K, reserved 1048576K
}

