# JRE version: OpenJDK Runtime Environment (8.0_212-b04) (build 1.8.0_212-release-1586-b04)
# Java VM: OpenJDK 64-Bit Server VM (25.212-b04 mixed mode windows-amd64 compressed oops)
Heap:
 PSYoungGen      total 228352K, used 169170K [0x00000000e0000000, 0x00000000f0e80000, 0x0000000100000000)
  eden space 206336K, 81% used [0x00000000e0000000,0x00000000ea534ad0,0x00000000ec980000)
  from space 22016K, 0% used [0x00000000eeb80000,0x00000000eeb80000,0x00000000f0100000)
  to   space 34816K, 0% used [0x00000000ec980000,0x00000000ec980000,0x00000000eeb80000)
 ParOldGen       total 161280K, used 75416K [0x00000000a0000000, 0x00000000a9d80000, 0x00000000e0000000)
  object space 161280K, 46% used [0x00000000a0000000,0x00000000a49a63e8,0x00000000a9d80000)
 Metaspace       used 85177K, capacity 88142K, committed 89944K, reserved 1126400K
  class space    used 11363K, capacity 11996K, committed 12376K, reserved 1048576K
GC Heap History (10 events):
Event: 50.399 GC heap before
{Heap before GC invocations=16 (full 3):
 PSYoungGen      total 215552K, used 199168K [0x00000000e0000000, 0x00000000ee700000, 0x0000000100000000)
  eden space 199168K, 100% used [0x00000000e0000000,0x00000000ec280000,0x00000000ec280000)
  from space 16384K, 0% used [0x00000000ed400000,0x00000000ed400000,0x00000000ee400000)
  to   space 17920K, 0% used [0x00000000ec280000,0x00000000ec280000,0x00000000ed400000)
 ParOldGen       total 94208K, used 38691K [0x00000000a0000000, 0x00000000a5c00000, 0x00000000e0000000)
  object space 94208K, 41% used [0x00000000a0000000,0x00000000a25c8d20,0x00000000a5c00000)
 Metaspace       used 62829K, capacity 65454K, committed 65496K, reserved 1105920K
  class space    used 8630K, capacity 9165K, committed 9176K, reserved 1048576K
Event: 50.428 GC heap after
Heap after GC invocations=16 (full 3):
 PSYoungGen      total 217088K, used 17915K [0x00000000e0000000, 0x00000000f0780000, 0x0000000100000000)
  eden space 199168K, 0% used [0x00000000e0000000,0x00000000e0000000,0x00000000ec280000)
  from space 17920K, 99% used [0x00000000ec280000,0x00000000ed3fed78,0x00000000ed400000)
  to   space 20992K, 0% used [0x00000000ef300000,0x00000000ef300000,0x00000000f0780000)
 ParOldGen       total 94208K, used 40571K [0x00000000a0000000, 0x00000000a5c00000, 0x00000000e0000000)
  object space 94208K, 43% used [0x00000000a0000000,0x00000000a279ef98,0x00000000a5c00000)
 Metaspace       used 62829K, capacity 65454K, committed 65496K, reserved 1105920K
  class space    used 8630K, capacity 9165K, committed 9176K, reserved 1048576K
}
Event: 141.464 GC heap before
{Heap before GC invocations=17 (full 3):
 PSYoungGen      total 217088K, used 217083K [0x00000000e0000000, 0x00000000f0780000, 0x0000000100000000)
  eden space 199168K, 100% used [0x00000000e0000000,0x00000000ec280000,0x00000000ec280000)
  from space 17920K, 99% used [0x00000000ec280000,0x00000000ed3fed78,0x00000000ed400000)
  to   space 20992K, 0% used [0x00000000ef300000,0x00000000ef300000,0x00000000f0780000)
 ParOldGen       total 94208K, used 40571K [0x00000000a0000000, 0x00000000a5c00000, 0x00000000e0000000)
  object space 94208K, 43% used [0x00000000a0000000,0x00000000a279ef98,0x00000000a5c00000)
 Metaspace       used 71068K, capacity 73976K, committed 74200K, reserved 1114112K
  class space    used 9593K, capacity 10182K, committed 10200K, reserved 1048576K
Event: 141.842 GC heap after
Heap after GC invocations=17 (full 3):
 PSYoungGen      total 246272K, used 16305K [0x00000000e0000000, 0x00000000f0800000, 0x0000000100000000)
  eden space 225280K, 0% used [0x00000000e0000000,0x00000000e0000000,0x00000000edc00000)
  from space 20992K, 77% used [0x00000000ef300000,0x00000000f02ec500,0x00000000f0780000)
  to   space 22528K, 0% used [0x00000000edc00000,0x00000000edc00000,0x00000000ef200000)
 ParOldGen       total 94208K, used 55165K [0x00000000a0000000, 0x00000000a5c00000, 0x00000000e0000000)
  object space 94208K, 58% used [0x00000000a0000000,0x00000000a35df638,0x00000000a5c00000)
 Metaspace       used 71068K, capacity 73976K, committed 74200K, reserved 1114112K
  class space    used 9593K, capacity 10182K, committed 10200K, reserved 1048576K
}
Event: 2023.531 GC heap before
{Heap before GC invocations=18 (full 3):
 PSYoungGen      total 246272K, used 241585K [0x00000000e0000000, 0x00000000f0800000, 0x0000000100000000)
  eden space 225280K, 100% used [0x00000000e0000000,0x00000000edc00000,0x00000000edc00000)
  from space 20992K, 77% used [0x00000000ef300000,0x00000000f02ec500,0x00000000f0780000)
  to   space 22528K, 0% used [0x00000000edc00000,0x00000000edc00000,0x00000000ef200000)
 ParOldGen       total 94208K, used 55165K [0x00000000a0000000, 0x00000000a5c00000, 0x00000000e0000000)
  object space 94208K, 58% used [0x00000000a0000000,0x00000000a35df638,0x00000000a5c00000)
 Metaspace       used 72114K, capacity 75114K, committed 75352K, reserved 1114112K
  class space    used 9610K, capacity 10207K, committed 10328K, reserved 1048576K
Event: 2023.753 GC heap after
Heap after GC invocations=18 (full 3):
 PSYoungGen      total 231936K, used 15740K [0x00000000e0000000, 0x00000000f0100000, 0x0000000100000000)
  eden space 216064K, 0% used [0x00000000e0000000,0x00000000e0000000,0x00000000ed300000)
  from space 15872K, 99% used [0x00000000edc00000,0x00000000eeb5f070,0x00000000eeb80000)
  to   space 22016K, 0% used [0x00000000eeb80000,0x00000000eeb80000,0x00000000f0100000)
 ParOldGen       total 94208K, used 55173K [0x00000000a0000000, 0x00000000a5c00000, 0x00000000e0000000)
  object space 94208K, 58% used [0x00000000a0000000,0x00000000a35e1638,0x00000000a5c00000)
 Metaspace       used 72114K, capacity 75114K, committed 75352K, reserved 1114112K
  class space    used 9610K, capacity 10207K, committed 10328K, reserved 1048576K
}
Event: 2042.347 GC heap before
{Heap before GC invocations=19 (full 3):
 PSYoungGen      total 231936K, used 231644K [0x00000000e0000000, 0x00000000f0100000, 0x0000000100000000)
  eden space 216064K, 99% used [0x00000000e0000000,0x00000000ed2d8268,0x00000000ed300000)
  from space 15872K, 99% used [0x00000000edc00000,0x00000000eeb5f070,0x00000000eeb80000)
  to   space 22016K, 0% used [0x00000000eeb80000,0x00000000eeb80000,0x00000000f0100000)
 ParOldGen       total 94208K, used 55173K [0x00000000a0000000, 0x00000000a5c00000, 0x00000000e0000000)
  object space 94208K, 58% used [0x00000000a0000000,0x00000000a35e1638,0x00000000a5c00000)
 Metaspace       used 84787K, capacity 88582K, committed 88792K, reserved 1126400K
  class space    used 11384K, capacity 12141K, committed 12248K, reserved 1048576K
Event: 2042.555 GC heap after
Heap after GC invocations=19 (full 3):
 PSYoungGen      total 228352K, used 22015K [0x00000000e0000000, 0x00000000f0e80000, 0x0000000100000000)
  eden space 206336K, 0% used [0x00000000e0000000,0x00000000e0000000,0x00000000ec980000)
  from space 22016K, 99% used [0x00000000eeb80000,0x00000000f00ffd40,0x00000000f0100000)
  to   space 34816K, 0% used [0x00000000ec980000,0x00000000ec980000,0x00000000eeb80000)
 ParOldGen       total 94208K, used 78102K [0x00000000a0000000, 0x00000000a5c00000, 0x00000000e0000000)
  object space 94208K, 82% used [0x00000000a0000000,0x00000000a4c459b0,0x00000000a5c00000)
 Metaspace       used 84787K, capacity 88582K, committed 88792K, reserved 1126400K
  class space    used 11384K, capacity 12141K, committed 12248K, reserved 1048576K
}
Event: 2042.556 GC heap before
{Heap before GC invocations=20 (full 4):
 PSYoungGen      total 228352K, used 22015K [0x00000000e0000000, 0x00000000f0e80000, 0x0000000100000000)
  eden space 206336K, 0% used [0x00000000e0000000,0x00000000e0000000,0x00000000ec980000)
  from space 22016K, 99% used [0x00000000eeb80000,0x00000000f00ffd40,0x00000000f0100000)
  to   space 34816K, 0% used [0x00000000ec980000,0x00000000ec980000,0x00000000eeb80000)
 ParOldGen       total 94208K, used 78102K [0x00000000a0000000, 0x00000000a5c00000, 0x00000000e0000000)
  object space 94208K, 82% used [0x00000000a0000000,0x00000000a4c459b0,0x00000000a5c00000)
 Metaspace       used 84787K, capacity 88582K, committed 88792K, reserved 1126400K
  class space    used 11384K, capacity 12141K, committed 12248K, reserved 1048576K
Event: 2043.883 GC heap after
Heap after GC invocations=20 (full 4):
 PSYoungGen      total 228352K, used 0K [0x00000000e0000000, 0x00000000f0e80000, 0x0000000100000000)
  eden space 206336K, 0% used [0x00000000e0000000,0x00000000e0000000,0x00000000ec980000)
  from space 22016K, 0% used [0x00000000eeb80000,0x00000000eeb80000,0x00000000f0100000)
  to   space 34816K, 0% used [0x00000000ec980000,0x00000000ec980000,0x00000000eeb80000)
 ParOldGen       total 161280K, used 75416K [0x00000000a0000000, 0x00000000a9d80000, 0x00000000e0000000)
  object space 161280K, 46% used [0x00000000a0000000,0x00000000a49a63e8,0x00000000a9d80000)
 Metaspace       used 83935K, capacity 86754K, committed 88792K, reserved 1126400K
  class space    used 11177K, capacity 11770K, committed 12248K, reserved 1048576K
}

